[1215/161258.166:ERROR:directory_reader_win.cc(43)] FindFirstFile: The system cannot find the path specified. (0x3)
[1216/072939.434:ERROR:process_reader_win.cc(123)] NtOpenThread: {Access Denied} A process has requested access to an object, but has not been granted those access rights. (0xc0000022)
[1216/072939.434:ERROR:exception_snapshot_win.cc(99)] thread ID 20324 not found in process
[1223/082247.424:ERROR:directory_reader_win.cc(43)] FindFirstFile: The system cannot find the path specified. (0x3)
[1223/104534.900:ERROR:directory_reader_win.cc(43)] FindFirstFile: The system cannot find the path specified. (0x3)
[1223/105950.733:ERROR:directory_reader_win.cc(43)] FindFirstFile: The system cannot find the path specified. (0x3)
[1223/110246.720:ERROR:directory_reader_win.cc(43)] FindFirstFile: The system cannot find the path specified. (0x3)
[1223/112158.424:ERROR:directory_reader_win.cc(43)] FindFirstFile: The system cannot find the path specified. (0x3)
[1223/112559.445:ERROR:directory_reader_win.cc(43)] FindFirstFile: The system cannot find the path specified. (0x3)
[1223/113559.702:ERROR:directory_reader_win.cc(43)] FindFirstFile: The system cannot find the path specified. (0x3)
[1223/113804.227:ERROR:directory_reader_win.cc(43)] FindFirstFile: The system cannot find the path specified. (0x3)
[1223/122005.325:ERROR:directory_reader_win.cc(43)] FindFirstFile: The system cannot find the path specified. (0x3)
[1223/123546.074:ERROR:directory_reader_win.cc(43)] FindFirstFile: The system cannot find the path specified. (0x3)
[1223/123910.021:ERROR:directory_reader_win.cc(43)] FindFirstFile: The system cannot find the path specified. (0x3)
[1223/132716.893:ERROR:directory_reader_win.cc(43)] FindFirstFile: The system cannot find the path specified. (0x3)
[1231/050803.090:ERROR:directory_reader_win.cc(43)] FindFirstFile: The system cannot find the path specified. (0x3)
[1231/051315.942:ERROR:directory_reader_win.cc(43)] FindFirstFile: The system cannot find the path specified. (0x3)
[1231/051450.408:ERROR:directory_reader_win.cc(43)] FindFirstFile: The system cannot find the path specified. (0x3)
[1231/051704.489:ERROR:directory_reader_win.cc(43)] FindFirstFile: The system cannot find the path specified. (0x3)
[1231/051930.206:ERROR:directory_reader_win.cc(43)] FindFirstFile: The system cannot find the path specified. (0x3)
[1231/052615.709:ERROR:directory_reader_win.cc(43)] FindFirstFile: The system cannot find the path specified. (0x3)
[1231/070949.030:ERROR:directory_reader_win.cc(43)] FindFirstFile: The system cannot find the path specified. (0x3)
[1231/082759.805:ERROR:directory_reader_win.cc(43)] FindFirstFile: The system cannot find the path specified. (0x3)
[1231/095207.455:ERROR:directory_reader_win.cc(43)] FindFirstFile: The system cannot find the path specified. (0x3)
[1231/103436.342:ERROR:directory_reader_win.cc(43)] FindFirstFile: The system cannot find the path specified. (0x3)
[1231/105422.971:ERROR:directory_reader_win.cc(43)] FindFirstFile: The system cannot find the path specified. (0x3)
[0105/092230.594:ERROR:directory_reader_win.cc(43)] FindFirstFile: The system cannot find the path specified. (0x3)
[0105/103015.026:ERROR:directory_reader_win.cc(43)] FindFirstFile: The system cannot find the path specified. (0x3)
[0105/111746.155:ERROR:directory_reader_win.cc(43)] FindFirstFile: The system cannot find the path specified. (0x3)
[0105/114400.766:ERROR:directory_reader_win.cc(43)] FindFirstFile: The system cannot find the path specified. (0x3)
[0105/114524.420:ERROR:directory_reader_win.cc(43)] FindFirstFile: The system cannot find the path specified. (0x3)
[0107/090414.285:ERROR:directory_reader_win.cc(43)] FindFirstFile: The system cannot find the path specified. (0x3)
[0108/064338.785:ERROR:directory_reader_win.cc(43)] FindFirstFile: The system cannot find the path specified. (0x3)
[0108/084644.380:ERROR:directory_reader_win.cc(43)] FindFirstFile: The system cannot find the path specified. (0x3)
[0108/102653.928:ERROR:directory_reader_win.cc(43)] FindFirstFile: The system cannot find the path specified. (0x3)
[0108/105449.995:ERROR:directory_reader_win.cc(43)] FindFirstFile: The system cannot find the path specified. (0x3)
[0108/105714.717:ERROR:directory_reader_win.cc(43)] FindFirstFile: The system cannot find the path specified. (0x3)
[0108/161807.094:ERROR:directory_reader_win.cc(43)] FindFirstFile: The system cannot find the path specified. (0x3)
[0109/190628.666:ERROR:directory_reader_win.cc(43)] FindFirstFile: The system cannot find the path specified. (0x3)
[0109/200901.656:ERROR:directory_reader_win.cc(43)] FindFirstFile: The system cannot find the path specified. (0x3)
[0109/213927.945:ERROR:directory_reader_win.cc(43)] FindFirstFile: The system cannot find the path specified. (0x3)
[0110/124657.246:ERROR:directory_reader_win.cc(43)] FindFirstFile: The system cannot find the path specified. (0x3)
[0110/124700.524:ERROR:directory_reader_win.cc(43)] FindFirstFile: The system cannot find the path specified. (0x3)
[0110/130612.855:ERROR:directory_reader_win.cc(43)] FindFirstFile: The system cannot find the path specified. (0x3)
[0110/131315.335:ERROR:directory_reader_win.cc(43)] FindFirstFile: The system cannot find the path specified. (0x3)
[0110/132131.332:ERROR:directory_reader_win.cc(43)] FindFirstFile: The system cannot find the path specified. (0x3)
[0110/132134.662:ERROR:directory_reader_win.cc(43)] FindFirstFile: The system cannot find the path specified. (0x3)
[0110/205747.679:ERROR:directory_reader_win.cc(43)] FindFirstFile: The system cannot find the path specified. (0x3)
[0110/224424.613:ERROR:directory_reader_win.cc(43)] FindFirstFile: The system cannot find the path specified. (0x3)
[0110/225745.565:ERROR:directory_reader_win.cc(43)] FindFirstFile: The system cannot find the path specified. (0x3)
[0111/083152.932:ERROR:directory_reader_win.cc(43)] FindFirstFile: The system cannot find the path specified. (0x3)
[0111/083437.562:ERROR:directory_reader_win.cc(43)] FindFirstFile: The system cannot find the path specified. (0x3)
[0111/083821.928:ERROR:directory_reader_win.cc(43)] FindFirstFile: The system cannot find the path specified. (0x3)
[0111/085252.998:ERROR:directory_reader_win.cc(43)] FindFirstFile: The system cannot find the path specified. (0x3)
[0115/102803.437:ERROR:directory_reader_win.cc(43)] FindFirstFile: The system cannot find the path specified. (0x3)
[0115/105132.688:ERROR:directory_reader_win.cc(43)] FindFirstFile: The system cannot find the path specified. (0x3)
[0115/111644.976:ERROR:directory_reader_win.cc(43)] FindFirstFile: The system cannot find the path specified. (0x3)
[0118/103738.294:ERROR:directory_reader_win.cc(43)] FindFirstFile: The system cannot find the path specified. (0x3)
[0118/124817.554:ERROR:directory_reader_win.cc(43)] FindFirstFile: The system cannot find the path specified. (0x3)
[0118/124821.369:ERROR:directory_reader_win.cc(43)] FindFirstFile: The system cannot find the path specified. (0x3)
[0118/132543.047:ERROR:directory_reader_win.cc(43)] FindFirstFile: The system cannot find the path specified. (0x3)
[0118/132546.766:ERROR:directory_reader_win.cc(43)] FindFirstFile: The system cannot find the path specified. (0x3)
[0118/141854.004:ERROR:directory_reader_win.cc(43)] FindFirstFile: The system cannot find the path specified. (0x3)
[0118/141858.509:ERROR:directory_reader_win.cc(43)] FindFirstFile: The system cannot find the path specified. (0x3)
[0119/071644.968:ERROR:directory_reader_win.cc(43)] FindFirstFile: The system cannot find the path specified. (0x3)
[0119/080159.644:ERROR:directory_reader_win.cc(43)] FindFirstFile: The system cannot find the path specified. (0x3)
[0119/080202.930:ERROR:directory_reader_win.cc(43)] FindFirstFile: The system cannot find the path specified. (0x3)
[0119/080238.395:ERROR:directory_reader_win.cc(43)] FindFirstFile: The system cannot find the path specified. (0x3)
[0119/080241.677:ERROR:directory_reader_win.cc(43)] FindFirstFile: The system cannot find the path specified. (0x3)
[0119/080346.980:ERROR:directory_reader_win.cc(43)] FindFirstFile: The system cannot find the path specified. (0x3)
[0119/084531.564:ERROR:directory_reader_win.cc(43)] FindFirstFile: The system cannot find the path specified. (0x3)
[0119/084635.973:ERROR:directory_reader_win.cc(43)] FindFirstFile: The system cannot find the path specified. (0x3)
[0119/165944.791:ERROR:directory_reader_win.cc(43)] FindFirstFile: The system cannot find the path specified. (0x3)
[0120/080002.058:ERROR:directory_reader_win.cc(43)] FindFirstFile: The system cannot find the path specified. (0x3)
[0120/131235.359:ERROR:directory_reader_win.cc(43)] FindFirstFile: The system cannot find the path specified. (0x3)
[0120/131241.161:ERROR:directory_reader_win.cc(43)] FindFirstFile: The system cannot find the path specified. (0x3)
[0120/132528.364:ERROR:directory_reader_win.cc(43)] FindFirstFile: The system cannot find the path specified. (0x3)
[0122/170226.882:ERROR:directory_reader_win.cc(43)] FindFirstFile: The system cannot find the path specified. (0x3)
[0122/172010.789:ERROR:directory_reader_win.cc(43)] FindFirstFile: The system cannot find the path specified. (0x3)
[0122/173026.133:ERROR:directory_reader_win.cc(43)] FindFirstFile: The system cannot find the path specified. (0x3)
[0122/173721.248:ERROR:directory_reader_win.cc(43)] FindFirstFile: The system cannot find the path specified. (0x3)
[0122/174716.044:ERROR:directory_reader_win.cc(43)] FindFirstFile: The system cannot find the path specified. (0x3)
[0122/180113.633:ERROR:directory_reader_win.cc(43)] FindFirstFile: The system cannot find the path specified. (0x3)
[0122/180552.638:ERROR:directory_reader_win.cc(43)] FindFirstFile: The system cannot find the path specified. (0x3)
[0122/181403.490:ERROR:directory_reader_win.cc(43)] FindFirstFile: The system cannot find the path specified. (0x3)
[0122/184456.045:ERROR:directory_reader_win.cc(43)] FindFirstFile: The system cannot find the path specified. (0x3)
[0122/185638.762:ERROR:directory_reader_win.cc(43)] FindFirstFile: The system cannot find the path specified. (0x3)
[0122/192222.638:ERROR:directory_reader_win.cc(43)] FindFirstFile: The system cannot find the path specified. (0x3)
[0122/193220.177:ERROR:directory_reader_win.cc(43)] FindFirstFile: The system cannot find the path specified. (0x3)
[0122/193718.779:ERROR:directory_reader_win.cc(43)] FindFirstFile: The system cannot find the path specified. (0x3)
[0122/201139.545:ERROR:directory_reader_win.cc(43)] FindFirstFile: The system cannot find the path specified. (0x3)
[0122/201229.276:ERROR:directory_reader_win.cc(43)] FindFirstFile: The system cannot find the path specified. (0x3)
[0122/201410.315:ERROR:directory_reader_win.cc(43)] FindFirstFile: The system cannot find the path specified. (0x3)
[0122/202706.116:ERROR:directory_reader_win.cc(43)] FindFirstFile: The system cannot find the path specified. (0x3)
[0122/202811.459:ERROR:directory_reader_win.cc(43)] FindFirstFile: The system cannot find the path specified. (0x3)
[0122/205814.727:ERROR:directory_reader_win.cc(43)] FindFirstFile: The system cannot find the path specified. (0x3)
[0122/211837.012:ERROR:directory_reader_win.cc(43)] FindFirstFile: The system cannot find the path specified. (0x3)
[0122/215058.211:ERROR:directory_reader_win.cc(43)] FindFirstFile: The system cannot find the path specified. (0x3)
[0122/215150.794:ERROR:directory_reader_win.cc(43)] FindFirstFile: The system cannot find the path specified. (0x3)
[0123/073522.154:ERROR:directory_reader_win.cc(43)] FindFirstFile: The system cannot find the path specified. (0x3)
[0123/080538.560:ERROR:directory_reader_win.cc(43)] FindFirstFile: The system cannot find the path specified. (0x3)
[0123/080832.811:ERROR:directory_reader_win.cc(43)] FindFirstFile: The system cannot find the path specified. (0x3)
[0123/082244.701:ERROR:directory_reader_win.cc(43)] FindFirstFile: The system cannot find the path specified. (0x3)
[0123/082555.716:ERROR:directory_reader_win.cc(43)] FindFirstFile: The system cannot find the path specified. (0x3)
[0123/082921.485:ERROR:directory_reader_win.cc(43)] FindFirstFile: The system cannot find the path specified. (0x3)
[0123/093635.281:ERROR:directory_reader_win.cc(43)] FindFirstFile: The system cannot find the path specified. (0x3)
[0123/103941.149:ERROR:directory_reader_win.cc(43)] FindFirstFile: The system cannot find the path specified. (0x3)
[0123/104022.140:ERROR:directory_reader_win.cc(43)] FindFirstFile: The system cannot find the path specified. (0x3)
[0123/105609.695:ERROR:directory_reader_win.cc(43)] FindFirstFile: The system cannot find the path specified. (0x3)
[0123/111418.866:ERROR:directory_reader_win.cc(43)] FindFirstFile: The system cannot find the path specified. (0x3)
[0123/112416.680:ERROR:directory_reader_win.cc(43)] FindFirstFile: The system cannot find the path specified. (0x3)
[0123/114040.663:ERROR:directory_reader_win.cc(43)] FindFirstFile: The system cannot find the path specified. (0x3)
[0123/114925.714:ERROR:directory_reader_win.cc(43)] FindFirstFile: The system cannot find the path specified. (0x3)
[0123/114928.923:ERROR:directory_reader_win.cc(43)] FindFirstFile: The system cannot find the path specified. (0x3)
[0123/121344.415:ERROR:directory_reader_win.cc(43)] FindFirstFile: The system cannot find the path specified. (0x3)
[0123/122017.728:ERROR:directory_reader_win.cc(43)] FindFirstFile: The system cannot find the path specified. (0x3)
[0123/165700.472:ERROR:directory_reader_win.cc(43)] FindFirstFile: The system cannot find the path specified. (0x3)
[0123/171005.404:ERROR:directory_reader_win.cc(43)] FindFirstFile: The system cannot find the path specified. (0x3)
[0123/174444.426:ERROR:directory_reader_win.cc(43)] FindFirstFile: The system cannot find the path specified. (0x3)
[0123/174905.789:ERROR:directory_reader_win.cc(43)] FindFirstFile: The system cannot find the path specified. (0x3)
[0123/175704.835:ERROR:directory_reader_win.cc(43)] FindFirstFile: The system cannot find the path specified. (0x3)
[0123/180109.709:ERROR:directory_reader_win.cc(43)] FindFirstFile: The system cannot find the path specified. (0x3)
[0123/182047.768:ERROR:directory_reader_win.cc(43)] FindFirstFile: The system cannot find the path specified. (0x3)
[0123/183638.292:ERROR:directory_reader_win.cc(43)] FindFirstFile: The system cannot find the path specified. (0x3)
[0123/185531.158:ERROR:directory_reader_win.cc(43)] FindFirstFile: The system cannot find the path specified. (0x3)
[0123/201423.857:ERROR:directory_reader_win.cc(43)] FindFirstFile: The system cannot find the path specified. (0x3)
[0123/203942.896:ERROR:directory_reader_win.cc(43)] FindFirstFile: The system cannot find the path specified. (0x3)
[0123/211452.160:ERROR:directory_reader_win.cc(43)] FindFirstFile: The system cannot find the path specified. (0x3)
[0123/213722.793:ERROR:directory_reader_win.cc(43)] FindFirstFile: The system cannot find the path specified. (0x3)
[0124/001832.219:ERROR:directory_reader_win.cc(43)] FindFirstFile: The system cannot find the path specified. (0x3)
[0124/002120.476:ERROR:directory_reader_win.cc(43)] FindFirstFile: The system cannot find the path specified. (0x3)
[0124/002123.674:ERROR:directory_reader_win.cc(43)] FindFirstFile: The system cannot find the path specified. (0x3)
[0124/002728.105:ERROR:directory_reader_win.cc(43)] FindFirstFile: The system cannot find the path specified. (0x3)
[0124/003334.848:ERROR:directory_reader_win.cc(43)] FindFirstFile: The system cannot find the path specified. (0x3)
[0124/004453.072:ERROR:directory_reader_win.cc(43)] FindFirstFile: The system cannot find the path specified. (0x3)
[0124/004456.355:ERROR:directory_reader_win.cc(43)] FindFirstFile: The system cannot find the path specified. (0x3)
[0124/010055.434:ERROR:directory_reader_win.cc(43)] FindFirstFile: The system cannot find the path specified. (0x3)
[0124/081218.564:ERROR:directory_reader_win.cc(43)] FindFirstFile: The system cannot find the path specified. (0x3)
[0124/084930.261:ERROR:directory_reader_win.cc(43)] FindFirstFile: The system cannot find the path specified. (0x3)
[0124/090115.181:ERROR:directory_reader_win.cc(43)] FindFirstFile: The system cannot find the path specified. (0x3)
[0124/090353.504:ERROR:directory_reader_win.cc(43)] FindFirstFile: The system cannot find the path specified. (0x3)
[0124/091821.610:ERROR:directory_reader_win.cc(43)] FindFirstFile: The system cannot find the path specified. (0x3)
[0124/093331.335:ERROR:directory_reader_win.cc(43)] FindFirstFile: The system cannot find the path specified. (0x3)
[0124/093725.892:ERROR:directory_reader_win.cc(43)] FindFirstFile: The system cannot find the path specified. (0x3)
[0124/093844.147:ERROR:directory_reader_win.cc(43)] FindFirstFile: The system cannot find the path specified. (0x3)
[0124/094257.886:ERROR:directory_reader_win.cc(43)] FindFirstFile: The system cannot find the path specified. (0x3)
[0124/102220.854:ERROR:directory_reader_win.cc(43)] FindFirstFile: The system cannot find the path specified. (0x3)
[0124/102807.666:ERROR:directory_reader_win.cc(43)] FindFirstFile: The system cannot find the path specified. (0x3)
[0124/103350.111:ERROR:directory_reader_win.cc(43)] FindFirstFile: The system cannot find the path specified. (0x3)
[0124/104503.255:ERROR:directory_reader_win.cc(43)] FindFirstFile: The system cannot find the path specified. (0x3)
[0124/105734.386:ERROR:directory_reader_win.cc(43)] FindFirstFile: The system cannot find the path specified. (0x3)
[0124/110730.775:ERROR:directory_reader_win.cc(43)] FindFirstFile: The system cannot find the path specified. (0x3)
[0124/114336.015:ERROR:directory_reader_win.cc(43)] FindFirstFile: The system cannot find the path specified. (0x3)
[0124/114556.399:ERROR:directory_reader_win.cc(43)] FindFirstFile: The system cannot find the path specified. (0x3)
[0124/114926.736:ERROR:directory_reader_win.cc(43)] FindFirstFile: The system cannot find the path specified. (0x3)
[0124/115606.497:ERROR:directory_reader_win.cc(43)] FindFirstFile: The system cannot find the path specified. (0x3)
[0124/120434.204:ERROR:directory_reader_win.cc(43)] FindFirstFile: The system cannot find the path specified. (0x3)
[0124/123427.571:ERROR:directory_reader_win.cc(43)] FindFirstFile: The system cannot find the path specified. (0x3)
[0124/123430.853:ERROR:directory_reader_win.cc(43)] FindFirstFile: The system cannot find the path specified. (0x3)
[0124/123800.738:ERROR:directory_reader_win.cc(43)] FindFirstFile: The system cannot find the path specified. (0x3)
[0124/123804.058:ERROR:directory_reader_win.cc(43)] FindFirstFile: The system cannot find the path specified. (0x3)
[0124/125357.203:ERROR:directory_reader_win.cc(43)] FindFirstFile: The system cannot find the path specified. (0x3)
[0124/130733.846:ERROR:directory_reader_win.cc(43)] FindFirstFile: The system cannot find the path specified. (0x3)
[0124/130823.930:ERROR:directory_reader_win.cc(43)] FindFirstFile: The system cannot find the path specified. (0x3)
[0124/131649.137:ERROR:directory_reader_win.cc(43)] FindFirstFile: The system cannot find the path specified. (0x3)
[0124/133007.996:ERROR:directory_reader_win.cc(43)] FindFirstFile: The system cannot find the path specified. (0x3)
[0124/133157.956:ERROR:directory_reader_win.cc(43)] FindFirstFile: The system cannot find the path specified. (0x3)
[0124/171314.574:ERROR:directory_reader_win.cc(43)] FindFirstFile: The system cannot find the path specified. (0x3)
[0124/174205.533:ERROR:directory_reader_win.cc(43)] FindFirstFile: The system cannot find the path specified. (0x3)
[0124/174311.589:ERROR:directory_reader_win.cc(43)] FindFirstFile: The system cannot find the path specified. (0x3)
[0124/174314.828:ERROR:directory_reader_win.cc(43)] FindFirstFile: The system cannot find the path specified. (0x3)
[0124/174525.315:ERROR:directory_reader_win.cc(43)] FindFirstFile: The system cannot find the path specified. (0x3)
[0124/174901.520:ERROR:directory_reader_win.cc(43)] FindFirstFile: The system cannot find the path specified. (0x3)
[0124/174904.738:ERROR:directory_reader_win.cc(43)] FindFirstFile: The system cannot find the path specified. (0x3)
[0124/181426.488:ERROR:directory_reader_win.cc(43)] FindFirstFile: The system cannot find the path specified. (0x3)
[0125/062745.972:ERROR:directory_reader_win.cc(43)] FindFirstFile: The system cannot find the path specified. (0x3)
[0125/062906.530:ERROR:directory_reader_win.cc(43)] FindFirstFile: The system cannot find the path specified. (0x3)
[0125/063300.570:ERROR:directory_reader_win.cc(43)] FindFirstFile: The system cannot find the path specified. (0x3)
[0125/063518.619:ERROR:directory_reader_win.cc(43)] FindFirstFile: The system cannot find the path specified. (0x3)
[0125/064311.192:ERROR:directory_reader_win.cc(43)] FindFirstFile: The system cannot find the path specified. (0x3)
[0125/071213.617:ERROR:directory_reader_win.cc(43)] FindFirstFile: The system cannot find the path specified. (0x3)
[0125/072428.710:ERROR:directory_reader_win.cc(43)] FindFirstFile: The system cannot find the path specified. (0x3)
[0125/195340.160:ERROR:directory_reader_win.cc(43)] FindFirstFile: The system cannot find the path specified. (0x3)
[0125/200933.794:ERROR:directory_reader_win.cc(43)] FindFirstFile: The system cannot find the path specified. (0x3)
[0126/044232.501:ERROR:directory_reader_win.cc(43)] FindFirstFile: The system cannot find the path specified. (0x3)
[0126/054543.899:ERROR:filesystem_win.cc(148)] DeleteFile C:\Users\SHIBL\AppData\Local\Temp\scoped_dir22896_391118700\Crashpad\reports\681abd05-137c-41e8-8ba0-4b3bd49b75e3.dmp: The process cannot access the file because it is being used by another process. (0x20)
[0126/064929.991:ERROR:directory_reader_win.cc(43)] FindFirstFile: The system cannot find the path specified. (0x3)
[0126/064933.380:ERROR:directory_reader_win.cc(43)] FindFirstFile: The system cannot find the path specified. (0x3)
[0126/065830.887:ERROR:process_info.cc(359)] UncheckedAllocate
[0126/065830.914:ERROR:filesystem_win.cc(129)] GetFileAttributes C:\Users\SHIBL\AppData\Local\Temp\scoped_dir9736_716976249\Crashpad\attachments\15a99153-155d-4034-98ab-578c6c63c539: The system cannot find the path specified. (0x3)
[0126/065831.048:ERROR:process_memory_win.cc(73)] ReadMemory at 0x7ff680360000 of 64 bytes failed: Only part of a ReadProcessMemory or WriteProcessMemory request was completed. (0x12B)
[0126/065831.048:WARNING:pe_image_reader.cc(340)] could not read dos header from C:\Program Files\Google\Chrome\Application\chrome.exe
[0126/065831.048:ERROR:process_memory_win.cc(73)] ReadMemory at 0x7fff384b0000 of 64 bytes failed: Only part of a ReadProcessMemory or WriteProcessMemory request was completed. (0x12B)
[0126/065831.048:WARNING:pe_image_reader.cc(340)] could not read dos header from C:\Windows\SYSTEM32\ntdll.dll
[0126/065831.048:ERROR:process_memory_win.cc(73)] ReadMemory at 0x7fff37db0000 of 64 bytes failed: Only part of a ReadProcessMemory or WriteProcessMemory request was completed. (0x12B)
[0126/065831.048:WARNING:pe_image_reader.cc(340)] could not read dos header from C:\Windows\System32\KERNEL32.DLL
[0126/065831.048:ERROR:process_memory_win.cc(73)] ReadMemory at 0x7fff35ec0000 of 64 bytes failed: Only part of a ReadProcessMemory or WriteProcessMemory request was completed. (0x12B)
[0126/065831.048:WARNING:pe_image_reader.cc(340)] could not read dos header from C:\Windows\System32\KERNELBASE.dll
[0126/065831.048:ERROR:process_memory_win.cc(73)] ReadMemory at 0x7fff258d0000 of 64 bytes failed: Only part of a ReadProcessMemory or WriteProcessMemory request was completed. (0x12B)
[0126/065831.048:WARNING:pe_image_reader.cc(340)] could not read dos header from C:\Program Files\Google\Chrome\Application\87.0.4280.141\chrome_elf.dll
[0126/065831.048:ERROR:process_memory_win.cc(73)] ReadMemory at 0x7fff2d5b0000 of 64 bytes failed: Only part of a ReadProcessMemory or WriteProcessMemory request was completed. (0x12B)
[0126/065831.048:WARNING:pe_image_reader.cc(340)] could not read dos header from C:\Windows\SYSTEM32\VERSION.dll
[0126/065831.048:ERROR:process_memory_win.cc(73)] ReadMemory at 0x7fff37360000 of 64 bytes failed: Only part of a ReadProcessMemory or WriteProcessMemory request was completed. (0x12B)
[0126/065831.048:WARNING:pe_image_reader.cc(340)] could not read dos header from C:\Windows\System32\msvcrt.dll
[0126/065831.048:ERROR:process_memory_win.cc(73)] ReadMemory at 0x7fff365f0000 of 64 bytes failed: Only part of a ReadProcessMemory or WriteProcessMemory request was completed. (0x12B)
[0126/065831.048:WARNING:pe_image_reader.cc(340)] could not read dos header from C:\Windows\System32\ADVAPI32.dll
[0126/065831.048:ERROR:process_memory_win.cc(73)] ReadMemory at 0x7fff36510000 of 64 bytes failed: Only part of a ReadProcessMemory or WriteProcessMemory request was completed. (0x12B)
[0126/065831.048:WARNING:pe_image_reader.cc(340)] could not read dos header from C:\Windows\System32\sechost.dll
[0126/065831.048:ERROR:process_memory_win.cc(73)] ReadMemory at 0x7fff37230000 of 64 bytes failed: Only part of a ReadProcessMemory or WriteProcessMemory request was completed. (0x12B)
[0126/065831.048:WARNING:pe_image_reader.cc(340)] could not read dos header from C:\Windows\System32\RPCRT4.dll
[0126/065831.048:ERROR:process_memory_win.cc(73)] ReadMemory at 0x7ffeb8730000 of 64 bytes failed: Only part of a ReadProcessMemory or WriteProcessMemory request was completed. (0x12B)
[0126/065831.048:WARNING:pe_image_reader.cc(340)] could not read dos header from C:\Program Files\Google\Chrome\Application\87.0.4280.141\chrome.dll
[0126/065831.048:ERROR:process_memory_win.cc(73)] ReadMemory at 0x7fff371c0000 of 64 bytes failed: Only part of a ReadProcessMemory or WriteProcessMemory request was completed. (0x12B)
[0126/065831.048:WARNING:pe_image_reader.cc(340)] could not read dos header from C:\Windows\System32\WS2_32.dll
[0126/065831.048:ERROR:process_memory_win.cc(73)] ReadMemory at 0x25121380000 of 64 bytes failed: Only part of a ReadProcessMemory or WriteProcessMemory request was completed. (0x12B)
[0126/065831.048:WARNING:pe_image_reader.cc(340)] could not read dos header from C:\Windows\System32\OLEAUT32.dll
[0126/065831.048:ERROR:process_memory_win.cc(73)] ReadMemory at 0x7fff35cf0000 of 64 bytes failed: Only part of a ReadProcessMemory or WriteProcessMemory request was completed. (0x12B)
[0126/065831.048:WARNING:pe_image_reader.cc(340)] could not read dos header from C:\Windows\System32\msvcp_win.dll
[0126/065831.048:ERROR:process_memory_win.cc(73)] ReadMemory at 0x7fff35dc0000 of 64 bytes failed: Only part of a ReadProcessMemory or WriteProcessMemory request was completed. (0x12B)
[0126/065831.048:WARNING:pe_image_reader.cc(340)] could not read dos header from C:\Windows\System32\ucrtbase.dll
[0126/065831.048:ERROR:process_memory_win.cc(73)] ReadMemory at 0x7fff37a10000 of 64 bytes failed: Only part of a ReadProcessMemory or WriteProcessMemory request was completed. (0x12B)
[0126/065831.048:WARNING:pe_image_reader.cc(340)] could not read dos header from C:\Windows\System32\combase.dll
[0126/065831.048:ERROR:process_memory_win.cc(73)] ReadMemory at 0x7fff36350000 of 64 bytes failed: Only part of a ReadProcessMemory or WriteProcessMemory request was completed. (0x12B)
[0126/065831.049:WARNING:pe_image_reader.cc(340)] could not read dos header from C:\Windows\System32\WINTRUST.dll
[0126/065831.049:ERROR:process_memory_win.cc(73)] ReadMemory at 0x7fff363b0000 of 64 bytes failed: Only part of a ReadProcessMemory or WriteProcessMemory request was completed. (0x12B)
[0126/065831.049:WARNING:pe_image_reader.cc(340)] could not read dos header from C:\Windows\System32\CRYPT32.dll
[0126/065831.049:ERROR:process_memory_win.cc(73)] ReadMemory at 0x7fff26140000 of 64 bytes failed: Only part of a ReadProcessMemory or WriteProcessMemory request was completed. (0x12B)
[0126/065831.049:WARNING:pe_image_reader.cc(340)] could not read dos header from C:\Windows\SYSTEM32\dbghelp.dll
[0126/065831.049:ERROR:process_memory_win.cc(73)] ReadMemory at 0x7fff35080000 of 64 bytes failed: Only part of a ReadProcessMemory or WriteProcessMemory request was completed. (0x12B)
[0126/065831.049:WARNING:pe_image_reader.cc(340)] could not read dos header from C:\Windows\SYSTEM32\IPHLPAPI.DLL
[0126/065831.049:ERROR:process_memory_win.cc(73)] ReadMemory at 0x7fff25880000 of 64 bytes failed: Only part of a ReadProcessMemory or WriteProcessMemory request was completed. (0x12B)
[0126/065831.049:WARNING:pe_image_reader.cc(340)] could not read dos header from C:\Windows\SYSTEM32\WINMM.dll
[0126/065831.049:ERROR:process_memory_win.cc(73)] ReadMemory at 0x7fff1d800000 of 64 bytes failed: Only part of a ReadProcessMemory or WriteProcessMemory request was completed. (0x12B)
[0126/065831.049:WARNING:pe_image_reader.cc(340)] could not read dos header from C:\Windows\SYSTEM32\UIAutomationCore.DLL
[0126/065831.049:ERROR:process_memory_win.cc(73)] ReadMemory at 0x7fff15d60000 of 64 bytes failed: Only part of a ReadProcessMemory or WriteProcessMemory request was completed. (0x12B)
[0126/065831.049:WARNING:pe_image_reader.cc(340)] could not read dos header from C:\Windows\SYSTEM32\Secur32.dll
[0126/065831.049:ERROR:process_memory_win.cc(73)] ReadMemory at 0x7fff35aa0000 of 64 bytes failed: Only part of a ReadProcessMemory or WriteProcessMemory request was completed. (0x12B)
[0126/065831.049:WARNING:pe_image_reader.cc(340)] could not read dos header from C:\Windows\SYSTEM32\USERENV.dll
[0126/065831.049:ERROR:process_memory_win.cc(73)] ReadMemory at 0x7fff177e0000 of 64 bytes failed: Only part of a ReadProcessMemory or WriteProcessMemory request was completed. (0x12B)
[0126/065831.049:WARNING:pe_image_reader.cc(340)] could not read dos header from C:\Windows\SYSTEM32\DWrite.dll
[0126/065831.049:ERROR:process_memory_win.cc(73)] ReadMemory at 0x7fff10a70000 of 64 bytes failed: Only part of a ReadProcessMemory or WriteProcessMemory request was completed. (0x12B)
[0126/065831.049:WARNING:pe_image_reader.cc(340)] could not read dos header from C:\Windows\SYSTEM32\WINSPOOL.DRV
[0126/065831.049:ERROR:process_memory_win.cc(73)] ReadMemory at 0x7fff34ca0000 of 64 bytes failed: Only part of a ReadProcessMemory or WriteProcessMemory request was completed. (0x12B)
[0126/065831.049:WARNING:pe_image_reader.cc(340)] could not read dos header from C:\Windows\SYSTEM32\WINHTTP.dll
[0126/065831.049:ERROR:process_memory_win.cc(73)] ReadMemory at 0x7fff2f070000 of 64 bytes failed: Only part of a ReadProcessMemory or WriteProcessMemory request was completed. (0x12B)
[0126/065831.049:WARNING:pe_image_reader.cc(340)] could not read dos header from C:\Windows\SYSTEM32\dhcpcsvc.DLL
[0126/065831.049:ERROR:process_memory_win.cc(73)] ReadMemory at 0x7fff2ff90000 of 64 bytes failed: Only part of a ReadProcessMemory or WriteProcessMemory request was completed. (0x12B)
[0126/065831.049:WARNING:pe_image_reader.cc(340)] could not read dos header from C:\Windows\SYSTEM32\PROPSYS.dll
[0126/065831.049:ERROR:process_memory_win.cc(73)] ReadMemory at 0x7fff35ad0000 of 64 bytes failed: Only part of a ReadProcessMemory or WriteProcessMemory request was completed. (0x12B)
[0126/065831.049:WARNING:pe_image_reader.cc(340)] could not read dos header from C:\Windows\SYSTEM32\SSPICLI.DLL
[0126/065831.049:ERROR:process_memory_win.cc(73)] ReadMemory at 0x7fff357e0000 of 64 bytes failed: Only part of a ReadProcessMemory or WriteProcessMemory request was completed. (0x12B)
[0126/065831.050:WARNING:pe_image_reader.cc(340)] could not read dos header from C:\Windows\System32\MSASN1.dll
[0126/065831.050:ERROR:process_memory_win.cc(73)] ReadMemory at 0x7fff361c0000 of 64 bytes failed: Only part of a ReadProcessMemory or WriteProcessMemory request was completed. (0x12B)
[0126/065831.050:WARNING:pe_image_reader.cc(340)] could not read dos header from C:\Windows\System32\bcryptPrimitives.dll
[0126/065831.050:ERROR:process_memory_win.cc(73)] ReadMemory at 0x7fff36a10000 of 64 bytes failed: Only part of a ReadProcessMemory or WriteProcessMemory request was completed. (0x12B)
[0126/065831.050:WARNING:pe_image_reader.cc(340)] could not read dos header from C:\Windows\System32\SHELL32.dll
[0126/065831.050:ERROR:process_memory_win.cc(73)] ReadMemory at 0x7fff37ff0000 of 64 bytes failed: Only part of a ReadProcessMemory or WriteProcessMemory request was completed. (0x12B)
[0126/065831.050:WARNING:pe_image_reader.cc(340)] could not read dos header from C:\Windows\System32\USER32.dll
[0126/065831.050:ERROR:process_memory_win.cc(73)] ReadMemory at 0x7fff35d90000 of 64 bytes failed: Only part of a ReadProcessMemory or WriteProcessMemory request was completed. (0x12B)
[0126/065831.050:WARNING:pe_image_reader.cc(340)] could not read dos header from C:\Windows\System32\win32u.dll
[0126/065831.050:ERROR:process_memory_win.cc(73)] ReadMemory at 0x7fff37d80000 of 64 bytes failed: Only part of a ReadProcessMemory or WriteProcessMemory request was completed. (0x12B)
[0126/065831.050:WARNING:pe_image_reader.cc(340)] could not read dos header from C:\Windows\System32\GDI32.dll
[0126/065831.050:ERROR:process_memory_win.cc(73)] ReadMemory at 0x7fff36240000 of 64 bytes failed: Only part of a ReadProcessMemory or WriteProcessMemory request was completed. (0x12B)
[0126/065831.050:WARNING:pe_image_reader.cc(340)] could not read dos header from C:\Windows\System32\gdi32full.dll
[0126/065831.050:ERROR:process_memory_win.cc(73)] ReadMemory at 0x7fff365b0000 of 64 bytes failed: Only part of a ReadProcessMemory or WriteProcessMemory request was completed. (0x12B)
[0126/065831.050:WARNING:pe_image_reader.cc(340)] could not read dos header from C:\Windows\System32\IMM32.DLL
[0126/065831.050:ERROR:process_memory_win.cc(73)] ReadMemory at 0x7fff33c40000 of 64 bytes failed: Only part of a ReadProcessMemory or WriteProcessMemory request was completed. (0x12B)
[0126/065831.050:WARNING:pe_image_reader.cc(340)] could not read dos header from C:\Windows\SYSTEM32\windows.storage.dll
[0126/065831.050:ERROR:process_memory_win.cc(73)] ReadMemory at 0x7fff35660000 of 64 bytes failed: Only part of a ReadProcessMemory or WriteProcessMemory request was completed. (0x12B)
[0126/065831.050:WARNING:pe_image_reader.cc(340)] could not read dos header from C:\Windows\SYSTEM32\Wldp.dll
[0126/065831.050:ERROR:process_memory_win.cc(73)] ReadMemory at 0x7fff37960000 of 64 bytes failed: Only part of a ReadProcessMemory or WriteProcessMemory request was completed. (0x12B)
[0126/065831.050:WARNING:pe_image_reader.cc(340)] could not read dos header from C:\Windows\System32\SHCORE.dll
[0126/065831.050:ERROR:process_memory_win.cc(73)] ReadMemory at 0x7fff37400000 of 64 bytes failed: Only part of a ReadProcessMemory or WriteProcessMemory request was completed. (0x12B)
[0126/065831.050:WARNING:pe_image_reader.cc(340)] could not read dos header from C:\Windows\System32\shlwapi.dll
[0126/065831.050:ERROR:process_memory_win.cc(73)] ReadMemory at 0x7fff35b20000 of 64 bytes failed: Only part of a ReadProcessMemory or WriteProcessMemory request was completed. (0x12B)
[0126/065831.050:WARNING:pe_image_reader.cc(340)] could not read dos header from C:\Windows\SYSTEM32\profapi.dll
[0126/065831.051:ERROR:process_memory_win.cc(73)] ReadMemory at 0x7fff355b0000 of 64 bytes failed: Only part of a ReadProcessMemory or WriteProcessMemory request was completed. (0x12B)
[0126/065831.051:WARNING:pe_image_reader.cc(340)] could not read dos header from C:\Windows\SYSTEM32\CRYPTBASE.DLL
[0126/065831.064:ERROR:process_memory_win.cc(73)] ReadMemory at 0x7ff680360000 of 64 bytes failed: Only part of a ReadProcessMemory or WriteProcessMemory request was completed. (0x12B)
[0126/065831.064:WARNING:pe_image_reader.cc(340)] could not read dos header from C:\Program Files\Google\Chrome\Application\chrome.exe
[0126/065831.064:ERROR:process_memory_win.cc(73)] ReadMemory at 0x7fff384b0000 of 64 bytes failed: Only part of a ReadProcessMemory or WriteProcessMemory request was completed. (0x12B)
[0126/065831.064:WARNING:pe_image_reader.cc(340)] could not read dos header from C:\Windows\SYSTEM32\ntdll.dll
[0126/065831.064:ERROR:process_memory_win.cc(73)] ReadMemory at 0x7fff37db0000 of 64 bytes failed: Only part of a ReadProcessMemory or WriteProcessMemory request was completed. (0x12B)
[0126/065831.064:WARNING:pe_image_reader.cc(340)] could not read dos header from C:\Windows\System32\KERNEL32.DLL
[0126/065831.064:ERROR:process_memory_win.cc(73)] ReadMemory at 0x7fff35ec0000 of 64 bytes failed: Only part of a ReadProcessMemory or WriteProcessMemory request was completed. (0x12B)
[0126/065831.064:WARNING:pe_image_reader.cc(340)] could not read dos header from C:\Windows\System32\KERNELBASE.dll
[0126/065831.064:ERROR:process_memory_win.cc(73)] ReadMemory at 0x7fff258d0000 of 64 bytes failed: Only part of a ReadProcessMemory or WriteProcessMemory request was completed. (0x12B)
[0126/065831.064:WARNING:pe_image_reader.cc(340)] could not read dos header from C:\Program Files\Google\Chrome\Application\87.0.4280.141\chrome_elf.dll
[0126/065831.064:ERROR:process_memory_win.cc(73)] ReadMemory at 0x7fff2d5b0000 of 64 bytes failed: Only part of a ReadProcessMemory or WriteProcessMemory request was completed. (0x12B)
[0126/065831.064:WARNING:pe_image_reader.cc(340)] could not read dos header from C:\Windows\SYSTEM32\VERSION.dll
[0126/065831.064:ERROR:process_memory_win.cc(73)] ReadMemory at 0x7fff37360000 of 64 bytes failed: Only part of a ReadProcessMemory or WriteProcessMemory request was completed. (0x12B)
[0126/065831.064:WARNING:pe_image_reader.cc(340)] could not read dos header from C:\Windows\System32\msvcrt.dll
[0126/065831.064:ERROR:process_memory_win.cc(73)] ReadMemory at 0x7fff365f0000 of 64 bytes failed: Only part of a ReadProcessMemory or WriteProcessMemory request was completed. (0x12B)
[0126/065831.064:WARNING:pe_image_reader.cc(340)] could not read dos header from C:\Windows\System32\ADVAPI32.dll
[0126/065831.064:ERROR:process_memory_win.cc(73)] ReadMemory at 0x7fff36510000 of 64 bytes failed: Only part of a ReadProcessMemory or WriteProcessMemory request was completed. (0x12B)
[0126/065831.064:WARNING:pe_image_reader.cc(340)] could not read dos header from C:\Windows\System32\sechost.dll
[0126/065831.064:ERROR:process_memory_win.cc(73)] ReadMemory at 0x7fff37230000 of 64 bytes failed: Only part of a ReadProcessMemory or WriteProcessMemory request was completed. (0x12B)
[0126/065831.064:WARNING:pe_image_reader.cc(340)] could not read dos header from C:\Windows\System32\RPCRT4.dll
[0126/065831.064:ERROR:process_memory_win.cc(73)] ReadMemory at 0x7ffeb8730000 of 64 bytes failed: Only part of a ReadProcessMemory or WriteProcessMemory request was completed. (0x12B)
[0126/065831.064:WARNING:pe_image_reader.cc(340)] could not read dos header from C:\Program Files\Google\Chrome\Application\87.0.4280.141\chrome.dll
[0126/065831.065:ERROR:process_memory_win.cc(73)] ReadMemory at 0x7fff371c0000 of 64 bytes failed: Only part of a ReadProcessMemory or WriteProcessMemory request was completed. (0x12B)
[0126/065831.065:WARNING:pe_image_reader.cc(340)] could not read dos header from C:\Windows\System32\WS2_32.dll
[0126/065831.065:ERROR:process_memory_win.cc(73)] ReadMemory at 0x25121380000 of 64 bytes failed: Only part of a ReadProcessMemory or WriteProcessMemory request was completed. (0x12B)
[0126/065831.065:WARNING:pe_image_reader.cc(340)] could not read dos header from C:\Windows\System32\OLEAUT32.dll
[0126/065831.065:ERROR:process_memory_win.cc(73)] ReadMemory at 0x7fff35cf0000 of 64 bytes failed: Only part of a ReadProcessMemory or WriteProcessMemory request was completed. (0x12B)
[0126/065831.065:WARNING:pe_image_reader.cc(340)] could not read dos header from C:\Windows\System32\msvcp_win.dll
[0126/065831.065:ERROR:process_memory_win.cc(73)] ReadMemory at 0x7fff35dc0000 of 64 bytes failed: Only part of a ReadProcessMemory or WriteProcessMemory request was completed. (0x12B)
[0126/065831.065:WARNING:pe_image_reader.cc(340)] could not read dos header from C:\Windows\System32\ucrtbase.dll
[0126/065831.065:ERROR:process_memory_win.cc(73)] ReadMemory at 0x7fff37a10000 of 64 bytes failed: Only part of a ReadProcessMemory or WriteProcessMemory request was completed. (0x12B)
[0126/065831.065:WARNING:pe_image_reader.cc(340)] could not read dos header from C:\Windows\System32\combase.dll
[0126/065831.065:ERROR:process_memory_win.cc(73)] ReadMemory at 0x7fff36350000 of 64 bytes failed: Only part of a ReadProcessMemory or WriteProcessMemory request was completed. (0x12B)
[0126/065831.065:WARNING:pe_image_reader.cc(340)] could not read dos header from C:\Windows\System32\WINTRUST.dll
[0126/065831.065:ERROR:process_memory_win.cc(73)] ReadMemory at 0x7fff363b0000 of 64 bytes failed: Only part of a ReadProcessMemory or WriteProcessMemory request was completed. (0x12B)
[0126/065831.065:WARNING:pe_image_reader.cc(340)] could not read dos header from C:\Windows\System32\CRYPT32.dll
[0126/065831.065:ERROR:process_memory_win.cc(73)] ReadMemory at 0x7fff26140000 of 64 bytes failed: Only part of a ReadProcessMemory or WriteProcessMemory request was completed. (0x12B)
[0126/065831.065:WARNING:pe_image_reader.cc(340)] could not read dos header from C:\Windows\SYSTEM32\dbghelp.dll
[0126/065831.065:ERROR:process_memory_win.cc(73)] ReadMemory at 0x7fff35080000 of 64 bytes failed: Only part of a ReadProcessMemory or WriteProcessMemory request was completed. (0x12B)
[0126/065831.065:WARNING:pe_image_reader.cc(340)] could not read dos header from C:\Windows\SYSTEM32\IPHLPAPI.DLL
[0126/065831.065:ERROR:process_memory_win.cc(73)] ReadMemory at 0x7fff25880000 of 64 bytes failed: Only part of a ReadProcessMemory or WriteProcessMemory request was completed. (0x12B)
[0126/065831.065:WARNING:pe_image_reader.cc(340)] could not read dos header from C:\Windows\SYSTEM32\WINMM.dll
[0126/065831.065:ERROR:process_memory_win.cc(73)] ReadMemory at 0x7fff1d800000 of 64 bytes failed: Only part of a ReadProcessMemory or WriteProcessMemory request was completed. (0x12B)
[0126/065831.065:WARNING:pe_image_reader.cc(340)] could not read dos header from C:\Windows\SYSTEM32\UIAutomationCore.DLL
[0126/065831.065:ERROR:process_memory_win.cc(73)] ReadMemory at 0x7fff15d60000 of 64 bytes failed: Only part of a ReadProcessMemory or WriteProcessMemory request was completed. (0x12B)
[0126/065831.065:WARNING:pe_image_reader.cc(340)] could not read dos header from C:\Windows\SYSTEM32\Secur32.dll
[0126/065831.065:ERROR:process_memory_win.cc(73)] ReadMemory at 0x7fff35aa0000 of 64 bytes failed: Only part of a ReadProcessMemory or WriteProcessMemory request was completed. (0x12B)
[0126/065831.065:WARNING:pe_image_reader.cc(340)] could not read dos header from C:\Windows\SYSTEM32\USERENV.dll
[0126/065831.065:ERROR:process_memory_win.cc(73)] ReadMemory at 0x7fff177e0000 of 64 bytes failed: Only part of a ReadProcessMemory or WriteProcessMemory request was completed. (0x12B)
[0126/065831.066:WARNING:pe_image_reader.cc(340)] could not read dos header from C:\Windows\SYSTEM32\DWrite.dll
[0126/065831.066:ERROR:process_memory_win.cc(73)] ReadMemory at 0x7fff10a70000 of 64 bytes failed: Only part of a ReadProcessMemory or WriteProcessMemory request was completed. (0x12B)
[0126/065831.066:WARNING:pe_image_reader.cc(340)] could not read dos header from C:\Windows\SYSTEM32\WINSPOOL.DRV
[0126/065831.066:ERROR:process_memory_win.cc(73)] ReadMemory at 0x7fff34ca0000 of 64 bytes failed: Only part of a ReadProcessMemory or WriteProcessMemory request was completed. (0x12B)
[0126/065831.066:WARNING:pe_image_reader.cc(340)] could not read dos header from C:\Windows\SYSTEM32\WINHTTP.dll
[0126/065831.066:ERROR:process_memory_win.cc(73)] ReadMemory at 0x7fff2f070000 of 64 bytes failed: Only part of a ReadProcessMemory or WriteProcessMemory request was completed. (0x12B)
[0126/065831.066:WARNING:pe_image_reader.cc(340)] could not read dos header from C:\Windows\SYSTEM32\dhcpcsvc.DLL
[0126/065831.066:ERROR:process_memory_win.cc(73)] ReadMemory at 0x7fff2ff90000 of 64 bytes failed: Only part of a ReadProcessMemory or WriteProcessMemory request was completed. (0x12B)
[0126/065831.066:WARNING:pe_image_reader.cc(340)] could not read dos header from C:\Windows\SYSTEM32\PROPSYS.dll
[0126/065831.066:ERROR:process_memory_win.cc(73)] ReadMemory at 0x7fff35ad0000 of 64 bytes failed: Only part of a ReadProcessMemory or WriteProcessMemory request was completed. (0x12B)
[0126/065831.066:WARNING:pe_image_reader.cc(340)] could not read dos header from C:\Windows\SYSTEM32\SSPICLI.DLL
[0126/065831.066:ERROR:process_memory_win.cc(73)] ReadMemory at 0x7fff357e0000 of 64 bytes failed: Only part of a ReadProcessMemory or WriteProcessMemory request was completed. (0x12B)
[0126/065831.066:WARNING:pe_image_reader.cc(340)] could not read dos header from C:\Windows\System32\MSASN1.dll
[0126/065831.066:ERROR:process_memory_win.cc(73)] ReadMemory at 0x7fff361c0000 of 64 bytes failed: Only part of a ReadProcessMemory or WriteProcessMemory request was completed. (0x12B)
[0126/065831.067:WARNING:pe_image_reader.cc(340)] could not read dos header from C:\Windows\System32\bcryptPrimitives.dll
[0126/065831.067:ERROR:process_memory_win.cc(73)] ReadMemory at 0x7fff36a10000 of 64 bytes failed: Only part of a ReadProcessMemory or WriteProcessMemory request was completed. (0x12B)
[0126/065831.067:WARNING:pe_image_reader.cc(340)] could not read dos header from C:\Windows\System32\SHELL32.dll
[0126/065831.067:ERROR:process_memory_win.cc(73)] ReadMemory at 0x7fff37ff0000 of 64 bytes failed: Only part of a ReadProcessMemory or WriteProcessMemory request was completed. (0x12B)
[0126/065831.067:WARNING:pe_image_reader.cc(340)] could not read dos header from C:\Windows\System32\USER32.dll
[0126/065831.067:ERROR:process_memory_win.cc(73)] ReadMemory at 0x7fff35d90000 of 64 bytes failed: Only part of a ReadProcessMemory or WriteProcessMemory request was completed. (0x12B)
[0126/065831.067:WARNING:pe_image_reader.cc(340)] could not read dos header from C:\Windows\System32\win32u.dll
[0126/065831.067:ERROR:process_memory_win.cc(73)] ReadMemory at 0x7fff37d80000 of 64 bytes failed: Only part of a ReadProcessMemory or WriteProcessMemory request was completed. (0x12B)
[0126/065831.067:WARNING:pe_image_reader.cc(340)] could not read dos header from C:\Windows\System32\GDI32.dll
[0126/065831.067:ERROR:process_memory_win.cc(73)] ReadMemory at 0x7fff36240000 of 64 bytes failed: Only part of a ReadProcessMemory or WriteProcessMemory request was completed. (0x12B)
[0126/065831.067:WARNING:pe_image_reader.cc(340)] could not read dos header from C:\Windows\System32\gdi32full.dll
[0126/065831.067:ERROR:process_memory_win.cc(73)] ReadMemory at 0x7fff365b0000 of 64 bytes failed: Only part of a ReadProcessMemory or WriteProcessMemory request was completed. (0x12B)
[0126/065831.067:WARNING:pe_image_reader.cc(340)] could not read dos header from C:\Windows\System32\IMM32.DLL
[0126/065831.067:ERROR:process_memory_win.cc(73)] ReadMemory at 0x7fff33c40000 of 64 bytes failed: Only part of a ReadProcessMemory or WriteProcessMemory request was completed. (0x12B)
[0126/065831.067:WARNING:pe_image_reader.cc(340)] could not read dos header from C:\Windows\SYSTEM32\windows.storage.dll
[0126/065831.067:ERROR:process_memory_win.cc(73)] ReadMemory at 0x7fff35660000 of 64 bytes failed: Only part of a ReadProcessMemory or WriteProcessMemory request was completed. (0x12B)
[0126/065831.067:WARNING:pe_image_reader.cc(340)] could not read dos header from C:\Windows\SYSTEM32\Wldp.dll
[0126/065831.067:ERROR:process_memory_win.cc(73)] ReadMemory at 0x7fff37960000 of 64 bytes failed: Only part of a ReadProcessMemory or WriteProcessMemory request was completed. (0x12B)
[0126/065831.067:WARNING:pe_image_reader.cc(340)] could not read dos header from C:\Windows\System32\SHCORE.dll
[0126/065831.067:ERROR:process_memory_win.cc(73)] ReadMemory at 0x7fff37400000 of 64 bytes failed: Only part of a ReadProcessMemory or WriteProcessMemory request was completed. (0x12B)
[0126/065831.067:WARNING:pe_image_reader.cc(340)] could not read dos header from C:\Windows\System32\shlwapi.dll
[0126/065831.067:ERROR:process_memory_win.cc(73)] ReadMemory at 0x7fff35b20000 of 64 bytes failed: Only part of a ReadProcessMemory or WriteProcessMemory request was completed. (0x12B)
[0126/065831.068:WARNING:pe_image_reader.cc(340)] could not read dos header from C:\Windows\SYSTEM32\profapi.dll
[0126/065831.068:ERROR:process_memory_win.cc(73)] ReadMemory at 0x7fff355b0000 of 64 bytes failed: Only part of a ReadProcessMemory or WriteProcessMemory request was completed. (0x12B)
[0126/065831.068:WARNING:pe_image_reader.cc(340)] could not read dos header from C:\Windows\SYSTEM32\CRYPTBASE.DLL
[0126/065831.068:ERROR:process_memory_win.cc(73)] ReadMemory at 0x7ff680360000 of 64 bytes failed: Only part of a ReadProcessMemory or WriteProcessMemory request was completed. (0x12B)
[0126/065831.068:WARNING:pe_image_reader.cc(340)] could not read dos header from C:\Program Files\Google\Chrome\Application\chrome.exe
[0126/065831.068:ERROR:process_memory_win.cc(73)] ReadMemory at 0x7fff384b0000 of 64 bytes failed: Only part of a ReadProcessMemory or WriteProcessMemory request was completed. (0x12B)
[0126/065831.068:WARNING:pe_image_reader.cc(340)] could not read dos header from C:\Windows\SYSTEM32\ntdll.dll
[0126/065831.068:ERROR:process_memory_win.cc(73)] ReadMemory at 0x7fff37db0000 of 64 bytes failed: Only part of a ReadProcessMemory or WriteProcessMemory request was completed. (0x12B)
[0126/065831.068:WARNING:pe_image_reader.cc(340)] could not read dos header from C:\Windows\System32\KERNEL32.DLL
[0126/065831.068:ERROR:process_memory_win.cc(73)] ReadMemory at 0x7fff35ec0000 of 64 bytes failed: Only part of a ReadProcessMemory or WriteProcessMemory request was completed. (0x12B)
[0126/065831.068:WARNING:pe_image_reader.cc(340)] could not read dos header from C:\Windows\System32\KERNELBASE.dll
[0126/065831.068:ERROR:process_memory_win.cc(73)] ReadMemory at 0x7fff258d0000 of 64 bytes failed: Only part of a ReadProcessMemory or WriteProcessMemory request was completed. (0x12B)
[0126/065831.068:WARNING:pe_image_reader.cc(340)] could not read dos header from C:\Program Files\Google\Chrome\Application\87.0.4280.141\chrome_elf.dll
[0126/065831.068:ERROR:process_memory_win.cc(73)] ReadMemory at 0x7fff2d5b0000 of 64 bytes failed: Only part of a ReadProcessMemory or WriteProcessMemory request was completed. (0x12B)
[0126/065831.068:WARNING:pe_image_reader.cc(340)] could not read dos header from C:\Windows\SYSTEM32\VERSION.dll
[0126/065831.068:ERROR:process_memory_win.cc(73)] ReadMemory at 0x7fff37360000 of 64 bytes failed: Only part of a ReadProcessMemory or WriteProcessMemory request was completed. (0x12B)
[0126/065831.068:WARNING:pe_image_reader.cc(340)] could not read dos header from C:\Windows\System32\msvcrt.dll
[0126/065831.068:ERROR:process_memory_win.cc(73)] ReadMemory at 0x7fff365f0000 of 64 bytes failed: Only part of a ReadProcessMemory or WriteProcessMemory request was completed. (0x12B)
[0126/065831.068:WARNING:pe_image_reader.cc(340)] could not read dos header from C:\Windows\System32\ADVAPI32.dll
[0126/065831.068:ERROR:process_memory_win.cc(73)] ReadMemory at 0x7fff36510000 of 64 bytes failed: Only part of a ReadProcessMemory or WriteProcessMemory request was completed. (0x12B)
[0126/065831.068:WARNING:pe_image_reader.cc(340)] could not read dos header from C:\Windows\System32\sechost.dll
[0126/065831.068:ERROR:process_memory_win.cc(73)] ReadMemory at 0x7fff37230000 of 64 bytes failed: Only part of a ReadProcessMemory or WriteProcessMemory request was completed. (0x12B)
[0126/065831.068:WARNING:pe_image_reader.cc(340)] could not read dos header from C:\Windows\System32\RPCRT4.dll
[0126/065831.068:ERROR:process_memory_win.cc(73)] ReadMemory at 0x7ffeb8730000 of 64 bytes failed: Only part of a ReadProcessMemory or WriteProcessMemory request was completed. (0x12B)
[0126/065831.068:WARNING:pe_image_reader.cc(340)] could not read dos header from C:\Program Files\Google\Chrome\Application\87.0.4280.141\chrome.dll
[0126/065831.068:ERROR:process_memory_win.cc(73)] ReadMemory at 0x7fff371c0000 of 64 bytes failed: Only part of a ReadProcessMemory or WriteProcessMemory request was completed. (0x12B)
[0126/065831.068:WARNING:pe_image_reader.cc(340)] could not read dos header from C:\Windows\System32\WS2_32.dll
[0126/065831.069:ERROR:process_memory_win.cc(73)] ReadMemory at 0x25121380000 of 64 bytes failed: Only part of a ReadProcessMemory or WriteProcessMemory request was completed. (0x12B)
[0126/065831.069:WARNING:pe_image_reader.cc(340)] could not read dos header from C:\Windows\System32\OLEAUT32.dll
[0126/065831.069:ERROR:process_memory_win.cc(73)] ReadMemory at 0x7fff35cf0000 of 64 bytes failed: Only part of a ReadProcessMemory or WriteProcessMemory request was completed. (0x12B)
[0126/065831.069:WARNING:pe_image_reader.cc(340)] could not read dos header from C:\Windows\System32\msvcp_win.dll
[0126/065831.069:ERROR:process_memory_win.cc(73)] ReadMemory at 0x7fff35dc0000 of 64 bytes failed: Only part of a ReadProcessMemory or WriteProcessMemory request was completed. (0x12B)
[0126/065831.069:WARNING:pe_image_reader.cc(340)] could not read dos header from C:\Windows\System32\ucrtbase.dll
[0126/065831.069:ERROR:process_memory_win.cc(73)] ReadMemory at 0x7fff37a10000 of 64 bytes failed: Only part of a ReadProcessMemory or WriteProcessMemory request was completed. (0x12B)
[0126/065831.069:WARNING:pe_image_reader.cc(340)] could not read dos header from C:\Windows\System32\combase.dll
[0126/065831.069:ERROR:process_memory_win.cc(73)] ReadMemory at 0x7fff36350000 of 64 bytes failed: Only part of a ReadProcessMemory or WriteProcessMemory request was completed. (0x12B)
[0126/065831.069:WARNING:pe_image_reader.cc(340)] could not read dos header from C:\Windows\System32\WINTRUST.dll
[0126/065831.069:ERROR:process_memory_win.cc(73)] ReadMemory at 0x7fff363b0000 of 64 bytes failed: Only part of a ReadProcessMemory or WriteProcessMemory request was completed. (0x12B)
[0126/065831.069:WARNING:pe_image_reader.cc(340)] could not read dos header from C:\Windows\System32\CRYPT32.dll
[0126/065831.069:ERROR:process_memory_win.cc(73)] ReadMemory at 0x7fff26140000 of 64 bytes failed: Only part of a ReadProcessMemory or WriteProcessMemory request was completed. (0x12B)
[0126/065831.069:WARNING:pe_image_reader.cc(340)] could not read dos header from C:\Windows\SYSTEM32\dbghelp.dll
[0126/065831.069:ERROR:process_memory_win.cc(73)] ReadMemory at 0x7fff35080000 of 64 bytes failed: Only part of a ReadProcessMemory or WriteProcessMemory request was completed. (0x12B)
[0126/065831.069:WARNING:pe_image_reader.cc(340)] could not read dos header from C:\Windows\SYSTEM32\IPHLPAPI.DLL
[0126/065831.069:ERROR:process_memory_win.cc(73)] ReadMemory at 0x7fff25880000 of 64 bytes failed: Only part of a ReadProcessMemory or WriteProcessMemory request was completed. (0x12B)
[0126/065831.069:WARNING:pe_image_reader.cc(340)] could not read dos header from C:\Windows\SYSTEM32\WINMM.dll
[0126/065831.069:ERROR:process_memory_win.cc(73)] ReadMemory at 0x7fff1d800000 of 64 bytes failed: Only part of a ReadProcessMemory or WriteProcessMemory request was completed. (0x12B)
[0126/065831.069:WARNING:pe_image_reader.cc(340)] could not read dos header from C:\Windows\SYSTEM32\UIAutomationCore.DLL
[0126/065831.069:ERROR:process_memory_win.cc(73)] ReadMemory at 0x7fff15d60000 of 64 bytes failed: Only part of a ReadProcessMemory or WriteProcessMemory request was completed. (0x12B)
[0126/065831.069:WARNING:pe_image_reader.cc(340)] could not read dos header from C:\Windows\SYSTEM32\Secur32.dll
[0126/065831.069:ERROR:process_memory_win.cc(73)] ReadMemory at 0x7fff35aa0000 of 64 bytes failed: Only part of a ReadProcessMemory or WriteProcessMemory request was completed. (0x12B)
[0126/065831.069:WARNING:pe_image_reader.cc(340)] could not read dos header from C:\Windows\SYSTEM32\USERENV.dll
[0126/065831.069:ERROR:process_memory_win.cc(73)] ReadMemory at 0x7fff177e0000 of 64 bytes failed: Only part of a ReadProcessMemory or WriteProcessMemory request was completed. (0x12B)
[0126/065831.069:WARNING:pe_image_reader.cc(340)] could not read dos header from C:\Windows\SYSTEM32\DWrite.dll
[0126/065831.069:ERROR:process_memory_win.cc(73)] ReadMemory at 0x7fff10a70000 of 64 bytes failed: Only part of a ReadProcessMemory or WriteProcessMemory request was completed. (0x12B)
[0126/065831.069:WARNING:pe_image_reader.cc(340)] could not read dos header from C:\Windows\SYSTEM32\WINSPOOL.DRV
[0126/065831.069:ERROR:process_memory_win.cc(73)] ReadMemory at 0x7fff34ca0000 of 64 bytes failed: Only part of a ReadProcessMemory or WriteProcessMemory request was completed. (0x12B)
[0126/065831.069:WARNING:pe_image_reader.cc(340)] could not read dos header from C:\Windows\SYSTEM32\WINHTTP.dll
[0126/065831.069:ERROR:process_memory_win.cc(73)] ReadMemory at 0x7fff2f070000 of 64 bytes failed: Only part of a ReadProcessMemory or WriteProcessMemory request was completed. (0x12B)
[0126/065831.069:WARNING:pe_image_reader.cc(340)] could not read dos header from C:\Windows\SYSTEM32\dhcpcsvc.DLL
[0126/065831.069:ERROR:process_memory_win.cc(73)] ReadMemory at 0x7fff2ff90000 of 64 bytes failed: Only part of a ReadProcessMemory or WriteProcessMemory request was completed. (0x12B)
[0126/065831.070:WARNING:pe_image_reader.cc(340)] could not read dos header from C:\Windows\SYSTEM32\PROPSYS.dll
[0126/065831.070:ERROR:process_memory_win.cc(73)] ReadMemory at 0x7fff35ad0000 of 64 bytes failed: Only part of a ReadProcessMemory or WriteProcessMemory request was completed. (0x12B)
[0126/065831.070:WARNING:pe_image_reader.cc(340)] could not read dos header from C:\Windows\SYSTEM32\SSPICLI.DLL
[0126/065831.070:ERROR:process_memory_win.cc(73)] ReadMemory at 0x7fff357e0000 of 64 bytes failed: Only part of a ReadProcessMemory or WriteProcessMemory request was completed. (0x12B)
[0126/065831.070:WARNING:pe_image_reader.cc(340)] could not read dos header from C:\Windows\System32\MSASN1.dll
[0126/065831.070:ERROR:process_memory_win.cc(73)] ReadMemory at 0x7fff361c0000 of 64 bytes failed: Only part of a ReadProcessMemory or WriteProcessMemory request was completed. (0x12B)
[0126/065831.070:WARNING:pe_image_reader.cc(340)] could not read dos header from C:\Windows\System32\bcryptPrimitives.dll
[0126/065831.070:ERROR:process_memory_win.cc(73)] ReadMemory at 0x7fff36a10000 of 64 bytes failed: Only part of a ReadProcessMemory or WriteProcessMemory request was completed. (0x12B)
[0126/065831.070:WARNING:pe_image_reader.cc(340)] could not read dos header from C:\Windows\System32\SHELL32.dll
[0126/065831.070:ERROR:process_memory_win.cc(73)] ReadMemory at 0x7fff37ff0000 of 64 bytes failed: Only part of a ReadProcessMemory or WriteProcessMemory request was completed. (0x12B)
[0126/065831.070:WARNING:pe_image_reader.cc(340)] could not read dos header from C:\Windows\System32\USER32.dll
[0126/065831.070:ERROR:process_memory_win.cc(73)] ReadMemory at 0x7fff35d90000 of 64 bytes failed: Only part of a ReadProcessMemory or WriteProcessMemory request was completed. (0x12B)
[0126/065831.070:WARNING:pe_image_reader.cc(340)] could not read dos header from C:\Windows\System32\win32u.dll
[0126/065831.070:ERROR:process_memory_win.cc(73)] ReadMemory at 0x7fff37d80000 of 64 bytes failed: Only part of a ReadProcessMemory or WriteProcessMemory request was completed. (0x12B)
[0126/065831.070:WARNING:pe_image_reader.cc(340)] could not read dos header from C:\Windows\System32\GDI32.dll
[0126/065831.070:ERROR:process_memory_win.cc(73)] ReadMemory at 0x7fff36240000 of 64 bytes failed: Only part of a ReadProcessMemory or WriteProcessMemory request was completed. (0x12B)
[0126/065831.070:WARNING:pe_image_reader.cc(340)] could not read dos header from C:\Windows\System32\gdi32full.dll
[0126/065831.070:ERROR:process_memory_win.cc(73)] ReadMemory at 0x7fff365b0000 of 64 bytes failed: Only part of a ReadProcessMemory or WriteProcessMemory request was completed. (0x12B)
[0126/065831.070:WARNING:pe_image_reader.cc(340)] could not read dos header from C:\Windows\System32\IMM32.DLL
[0126/065831.070:ERROR:process_memory_win.cc(73)] ReadMemory at 0x7fff33c40000 of 64 bytes failed: Only part of a ReadProcessMemory or WriteProcessMemory request was completed. (0x12B)
[0126/065831.070:WARNING:pe_image_reader.cc(340)] could not read dos header from C:\Windows\SYSTEM32\windows.storage.dll
[0126/065831.070:ERROR:process_memory_win.cc(73)] ReadMemory at 0x7fff35660000 of 64 bytes failed: Only part of a ReadProcessMemory or WriteProcessMemory request was completed. (0x12B)
[0126/065831.070:WARNING:pe_image_reader.cc(340)] could not read dos header from C:\Windows\SYSTEM32\Wldp.dll
[0126/065831.070:ERROR:process_memory_win.cc(73)] ReadMemory at 0x7fff37960000 of 64 bytes failed: Only part of a ReadProcessMemory or WriteProcessMemory request was completed. (0x12B)
[0126/065831.070:WARNING:pe_image_reader.cc(340)] could not read dos header from C:\Windows\System32\SHCORE.dll
[0126/065831.070:ERROR:process_memory_win.cc(73)] ReadMemory at 0x7fff37400000 of 64 bytes failed: Only part of a ReadProcessMemory or WriteProcessMemory request was completed. (0x12B)
[0126/065831.070:WARNING:pe_image_reader.cc(340)] could not read dos header from C:\Windows\System32\shlwapi.dll
[0126/065831.070:ERROR:process_memory_win.cc(73)] ReadMemory at 0x7fff35b20000 of 64 bytes failed: Only part of a ReadProcessMemory or WriteProcessMemory request was completed. (0x12B)
[0126/065831.070:WARNING:pe_image_reader.cc(340)] could not read dos header from C:\Windows\SYSTEM32\profapi.dll
[0126/065831.070:ERROR:process_memory_win.cc(73)] ReadMemory at 0x7fff355b0000 of 64 bytes failed: Only part of a ReadProcessMemory or WriteProcessMemory request was completed. (0x12B)
[0126/065831.070:WARNING:pe_image_reader.cc(340)] could not read dos header from C:\Windows\SYSTEM32\CRYPTBASE.DLL
[0126/065831.078:ERROR:process_memory_win.cc(73)] ReadMemory at 0x934fbe8000 of 98304 bytes failed: Only part of a ReadProcessMemory or WriteProcessMemory request was completed. (0x12B)
[0126/065831.078:ERROR:process_memory_win.cc(73)] ReadMemory at 0x93503fd000 of 12288 bytes failed: Only part of a ReadProcessMemory or WriteProcessMemory request was completed. (0x12B)
[0126/065831.078:ERROR:process_memory_win.cc(73)] ReadMemory at 0x9350bf5000 of 45056 bytes failed: Only part of a ReadProcessMemory or WriteProcessMemory request was completed. (0x12B)
[0126/065831.079:ERROR:process_memory_win.cc(73)] ReadMemory at 0x93513fd000 of 12288 bytes failed: Only part of a ReadProcessMemory or WriteProcessMemory request was completed. (0x12B)
[0126/065831.079:ERROR:process_memory_win.cc(73)] ReadMemory at 0x9351bf6000 of 40960 bytes failed: Only part of a ReadProcessMemory or WriteProcessMemory request was completed. (0x12B)
[0126/065831.079:ERROR:process_memory_win.cc(73)] ReadMemory at 0x93523fc000 of 16384 bytes failed: Only part of a ReadProcessMemory or WriteProcessMemory request was completed. (0x12B)
[0126/065831.079:ERROR:process_memory_win.cc(73)] ReadMemory at 0x9352bfe000 of 8192 bytes failed: Only part of a ReadProcessMemory or WriteProcessMemory request was completed. (0x12B)
[0126/065831.079:ERROR:process_memory_win.cc(73)] ReadMemory at 0x93533fe000 of 8192 bytes failed: Only part of a ReadProcessMemory or WriteProcessMemory request was completed. (0x12B)
[0126/065831.079:ERROR:process_memory_win.cc(73)] ReadMemory at 0x9353bfc000 of 16384 bytes failed: Only part of a ReadProcessMemory or WriteProcessMemory request was completed. (0x12B)
[0126/065831.079:ERROR:process_memory_win.cc(73)] ReadMemory at 0x93543fe000 of 8192 bytes failed: Only part of a ReadProcessMemory or WriteProcessMemory request was completed. (0x12B)
[0126/065831.079:ERROR:process_memory_win.cc(73)] ReadMemory at 0x9354bfe000 of 8192 bytes failed: Only part of a ReadProcessMemory or WriteProcessMemory request was completed. (0x12B)
[0126/065831.079:ERROR:process_memory_win.cc(73)] ReadMemory at 0x93553f9000 of 28672 bytes failed: Only part of a ReadProcessMemory or WriteProcessMemory request was completed. (0x12B)
[0126/065831.079:ERROR:process_memory_win.cc(73)] ReadMemory at 0x9355bfc000 of 16384 bytes failed: Only part of a ReadProcessMemory or WriteProcessMemory request was completed. (0x12B)
[0126/065831.079:ERROR:process_memory_win.cc(73)] ReadMemory at 0x93563f9000 of 28672 bytes failed: Only part of a ReadProcessMemory or WriteProcessMemory request was completed. (0x12B)
[0126/065831.079:ERROR:process_memory_win.cc(73)] ReadMemory at 0x9356bfc000 of 16384 bytes failed: Only part of a ReadProcessMemory or WriteProcessMemory request was completed. (0x12B)
[0126/065831.079:ERROR:process_memory_win.cc(73)] ReadMemory at 0x93573fe000 of 8192 bytes failed: Only part of a ReadProcessMemory or WriteProcessMemory request was completed. (0x12B)
[0126/065831.080:ERROR:process_memory_win.cc(73)] ReadMemory at 0x9357bfc000 of 16384 bytes failed: Only part of a ReadProcessMemory or WriteProcessMemory request was completed. (0x12B)
[0126/065831.080:ERROR:process_memory_win.cc(73)] ReadMemory at 0x93583fc000 of 16384 bytes failed: Only part of a ReadProcessMemory or WriteProcessMemory request was completed. (0x12B)
[0126/065831.080:ERROR:process_memory_win.cc(73)] ReadMemory at 0x9358bfc000 of 16384 bytes failed: Only part of a ReadProcessMemory or WriteProcessMemory request was completed. (0x12B)
[0126/065831.080:ERROR:process_memory_win.cc(73)] ReadMemory at 0x93593fc000 of 16384 bytes failed: Only part of a ReadProcessMemory or WriteProcessMemory request was completed. (0x12B)
[0126/065831.080:ERROR:process_memory_win.cc(73)] ReadMemory at 0x9359bfc000 of 16384 bytes failed: Only part of a ReadProcessMemory or WriteProcessMemory request was completed. (0x12B)
[0126/065831.080:ERROR:process_memory_win.cc(73)] ReadMemory at 0x934f23d000 of 852 bytes failed: Only part of a ReadProcessMemory or WriteProcessMemory request was completed. (0x12B)
[0126/065831.080:ERROR:process_memory_win.cc(73)] ReadMemory at 0x934f23e000 of 6024 bytes failed: Only part of a ReadProcessMemory or WriteProcessMemory request was completed. (0x12B)
[0126/065831.080:ERROR:process_memory_win.cc(73)] ReadMemory at 0x934f240000 of 6024 bytes failed: Only part of a ReadProcessMemory or WriteProcessMemory request was completed. (0x12B)
[0126/065831.080:ERROR:process_memory_win.cc(73)] ReadMemory at 0x934f242000 of 6024 bytes failed: Only part of a ReadProcessMemory or WriteProcessMemory request was completed. (0x12B)
[0126/065831.080:ERROR:process_memory_win.cc(73)] ReadMemory at 0x934f244000 of 6024 bytes failed: Only part of a ReadProcessMemory or WriteProcessMemory request was completed. (0x12B)
[0126/065831.080:ERROR:process_memory_win.cc(73)] ReadMemory at 0x934f246000 of 6024 bytes failed: Only part of a ReadProcessMemory or WriteProcessMemory request was completed. (0x12B)
[0126/065831.080:ERROR:process_memory_win.cc(73)] ReadMemory at 0x934f248000 of 6024 bytes failed: Only part of a ReadProcessMemory or WriteProcessMemory request was completed. (0x12B)
[0126/065831.081:ERROR:process_memory_win.cc(73)] ReadMemory at 0x934f24a000 of 6024 bytes failed: Only part of a ReadProcessMemory or WriteProcessMemory request was completed. (0x12B)
[0126/065831.081:ERROR:process_memory_win.cc(73)] ReadMemory at 0x934f24c000 of 6024 bytes failed: Only part of a ReadProcessMemory or WriteProcessMemory request was completed. (0x12B)
[0126/065831.081:ERROR:process_memory_win.cc(73)] ReadMemory at 0x934f24e000 of 6024 bytes failed: Only part of a ReadProcessMemory or WriteProcessMemory request was completed. (0x12B)
[0126/065831.081:ERROR:process_memory_win.cc(73)] ReadMemory at 0x934f250000 of 6024 bytes failed: Only part of a ReadProcessMemory or WriteProcessMemory request was completed. (0x12B)
[0126/065831.081:ERROR:process_memory_win.cc(73)] ReadMemory at 0x934f252000 of 6024 bytes failed: Only part of a ReadProcessMemory or WriteProcessMemory request was completed. (0x12B)
[0126/065831.081:ERROR:process_memory_win.cc(73)] ReadMemory at 0x934f254000 of 6024 bytes failed: Only part of a ReadProcessMemory or WriteProcessMemory request was completed. (0x12B)
[0126/065831.081:ERROR:process_memory_win.cc(73)] ReadMemory at 0x934f256000 of 6024 bytes failed: Only part of a ReadProcessMemory or WriteProcessMemory request was completed. (0x12B)
[0126/065831.081:ERROR:process_memory_win.cc(73)] ReadMemory at 0x934f258000 of 6024 bytes failed: Only part of a ReadProcessMemory or WriteProcessMemory request was completed. (0x12B)
[0126/065831.081:ERROR:process_memory_win.cc(73)] ReadMemory at 0x934f25a000 of 6024 bytes failed: Only part of a ReadProcessMemory or WriteProcessMemory request was completed. (0x12B)
[0126/065831.081:ERROR:process_memory_win.cc(73)] ReadMemory at 0x934f25c000 of 6024 bytes failed: Only part of a ReadProcessMemory or WriteProcessMemory request was completed. (0x12B)
[0126/065831.081:ERROR:process_memory_win.cc(73)] ReadMemory at 0x934f25e000 of 6024 bytes failed: Only part of a ReadProcessMemory or WriteProcessMemory request was completed. (0x12B)
[0126/065831.081:ERROR:process_memory_win.cc(73)] ReadMemory at 0x934f260000 of 6024 bytes failed: Only part of a ReadProcessMemory or WriteProcessMemory request was completed. (0x12B)
[0126/065831.081:ERROR:process_memory_win.cc(73)] ReadMemory at 0x934f262000 of 6024 bytes failed: Only part of a ReadProcessMemory or WriteProcessMemory request was completed. (0x12B)
[0126/065831.082:ERROR:process_memory_win.cc(73)] ReadMemory at 0x934f264000 of 6024 bytes failed: Only part of a ReadProcessMemory or WriteProcessMemory request was completed. (0x12B)
[0126/065831.082:ERROR:process_memory_win.cc(73)] ReadMemory at 0x934f266000 of 6024 bytes failed: Only part of a ReadProcessMemory or WriteProcessMemory request was completed. (0x12B)
[0126/065831.082:ERROR:process_memory_win.cc(73)] ReadMemory at 0x25120d10000 of 384 bytes failed: Only part of a ReadProcessMemory or WriteProcessMemory request was completed. (0x12B)
[0126/065831.082:ERROR:process_memory_win.cc(73)] ReadMemory at 0x25120d10fe0 of 4836 bytes failed: Only part of a ReadProcessMemory or WriteProcessMemory request was completed. (0x12B)
[0126/065831.082:ERROR:process_memory_win.cc(73)] ReadMemory at 0x25120d122d0 of 1012 bytes failed: Only part of a ReadProcessMemory or WriteProcessMemory request was completed. (0x12B)
[0126/065831.082:ERROR:process_memory_win.cc(73)] ReadMemory at 0x25120d12918 of 106 bytes failed: Only part of a ReadProcessMemory or WriteProcessMemory request was completed. (0x12B)
[0126/065831.082:ERROR:process_memory_win.cc(73)] ReadMemory at 0x25120d12984 of 1204 bytes failed: Only part of a ReadProcessMemory or WriteProcessMemory request was completed. (0x12B)
[0126/065831.082:ERROR:process_memory_win.cc(73)] ReadMemory at 0x25120d12e3a of 106 bytes failed: Only part of a ReadProcessMemory or WriteProcessMemory request was completed. (0x12B)
[0126/065831.082:ERROR:process_memory_win.cc(73)] ReadMemory at 0x25120d12ea6 of 96 bytes failed: Only part of a ReadProcessMemory or WriteProcessMemory request was completed. (0x12B)
[0126/065831.082:ERROR:process_memory_win.cc(73)] ReadMemory at 0x25120d12f20 of 58 bytes failed: Only part of a ReadProcessMemory or WriteProcessMemory request was completed. (0x12B)
[0126/065831.083:ERROR:process_memory_win.cc(73)] ReadMemory at 0x25120d13020 of 132 bytes failed: Only part of a ReadProcessMemory or WriteProcessMemory request was completed. (0x12B)
[0126/065831.084:ERROR:process_memory_win.cc(73)] ReadMemory at 0x25120d131b0 of 132 bytes failed: Only part of a ReadProcessMemory or WriteProcessMemory request was completed. (0x12B)
[0126/065831.084:ERROR:process_memory_win.cc(73)] ReadMemory at 0x25120d13370 of 114 bytes failed: Only part of a ReadProcessMemory or WriteProcessMemory request was completed. (0x12B)
[0126/065831.084:ERROR:process_memory_win.cc(73)] ReadMemory at 0x25120d13870 of 132 bytes failed: Only part of a ReadProcessMemory or WriteProcessMemory request was completed. (0x12B)
[0126/065831.084:ERROR:process_memory_win.cc(73)] ReadMemory at 0x25120d13a00 of 64 bytes failed: Only part of a ReadProcessMemory or WriteProcessMemory request was completed. (0x12B)
[0126/065831.084:ERROR:process_memory_win.cc(73)] ReadMemory at 0x25120d13bb0 of 132 bytes failed: Only part of a ReadProcessMemory or WriteProcessMemory request was completed. (0x12B)
[0126/065831.084:ERROR:process_memory_win.cc(73)] ReadMemory at 0x25120d13e80 of 132 bytes failed: Only part of a ReadProcessMemory or WriteProcessMemory request was completed. (0x12B)
[0126/065831.084:ERROR:process_memory_win.cc(73)] ReadMemory at 0x25120d14010 of 68 bytes failed: Only part of a ReadProcessMemory or WriteProcessMemory request was completed. (0x12B)
[0126/065831.084:ERROR:process_memory_win.cc(73)] ReadMemory at 0x25120d151c0 of 132 bytes failed: Only part of a ReadProcessMemory or WriteProcessMemory request was completed. (0x12B)
[0126/065831.084:ERROR:process_memory_win.cc(73)] ReadMemory at 0x25120d152f0 of 142 bytes failed: Only part of a ReadProcessMemory or WriteProcessMemory request was completed. (0x12B)
[0126/065831.084:ERROR:process_memory_win.cc(73)] ReadMemory at 0x25120d159d0 of 62 bytes failed: Only part of a ReadProcessMemory or WriteProcessMemory request was completed. (0x12B)
[0126/065831.084:ERROR:process_memory_win.cc(73)] ReadMemory at 0x25120d16cb0 of 132 bytes failed: Only part of a ReadProcessMemory or WriteProcessMemory request was completed. (0x12B)
[0126/065831.085:ERROR:process_memory_win.cc(73)] ReadMemory at 0x25120d16e40 of 60 bytes failed: Only part of a ReadProcessMemory or WriteProcessMemory request was completed. (0x12B)
[0126/065831.085:ERROR:process_memory_win.cc(73)] ReadMemory at 0x25120d1ece0 of 60 bytes failed: Only part of a ReadProcessMemory or WriteProcessMemory request was completed. (0x12B)
[0126/065831.085:ERROR:process_memory_win.cc(73)] ReadMemory at 0x25120d21e90 of 80 bytes failed: Only part of a ReadProcessMemory or WriteProcessMemory request was completed. (0x12B)
[0126/065831.085:ERROR:process_memory_win.cc(73)] ReadMemory at 0x25120d23140 of 132 bytes failed: Only part of a ReadProcessMemory or WriteProcessMemory request was completed. (0x12B)
[0126/065831.085:ERROR:process_memory_win.cc(73)] ReadMemory at 0x25120d23270 of 134 bytes failed: Only part of a ReadProcessMemory or WriteProcessMemory request was completed. (0x12B)
[0126/065831.085:ERROR:process_memory_win.cc(73)] ReadMemory at 0x25120d23350 of 132 bytes failed: Only part of a ReadProcessMemory or WriteProcessMemory request was completed. (0x12B)
[0126/065831.085:ERROR:process_memory_win.cc(73)] ReadMemory at 0x25120d271d0 of 512 bytes failed: Only part of a ReadProcessMemory or WriteProcessMemory request was completed. (0x12B)
[0126/065831.085:ERROR:process_memory_win.cc(73)] ReadMemory at 0x25120d292e0 of 132 bytes failed: Only part of a ReadProcessMemory or WriteProcessMemory request was completed. (0x12B)
[0126/065831.085:ERROR:process_memory_win.cc(73)] ReadMemory at 0x25120d2ac40 of 132 bytes failed: Only part of a ReadProcessMemory or WriteProcessMemory request was completed. (0x12B)
[0126/065831.085:ERROR:process_memory_win.cc(73)] ReadMemory at 0x25120d2af90 of 132 bytes failed: Only part of a ReadProcessMemory or WriteProcessMemory request was completed. (0x12B)
[0126/065831.085:ERROR:process_memory_win.cc(73)] ReadMemory at 0x25120d2b0c0 of 132 bytes failed: Only part of a ReadProcessMemory or WriteProcessMemory request was completed. (0x12B)
[0126/065831.085:ERROR:process_memory_win.cc(73)] ReadMemory at 0x25120d2c310 of 60 bytes failed: Only part of a ReadProcessMemory or WriteProcessMemory request was completed. (0x12B)
[0126/065831.085:ERROR:process_memory_win.cc(73)] ReadMemory at 0x25120d2c360 of 64 bytes failed: Only part of a ReadProcessMemory or WriteProcessMemory request was completed. (0x12B)
[0126/065831.085:ERROR:process_memory_win.cc(73)] ReadMemory at 0x25120d2c540 of 60 bytes failed: Only part of a ReadProcessMemory or WriteProcessMemory request was completed. (0x12B)
[0126/065831.086:ERROR:process_memory_win.cc(73)] ReadMemory at 0x25120d2c630 of 62 bytes failed: Only part of a ReadProcessMemory or WriteProcessMemory request was completed. (0x12B)
[0126/065831.086:ERROR:process_memory_win.cc(73)] ReadMemory at 0x25120d2c720 of 64 bytes failed: Only part of a ReadProcessMemory or WriteProcessMemory request was completed. (0x12B)
[0126/065831.086:ERROR:process_memory_win.cc(73)] ReadMemory at 0x25120d2c860 of 64 bytes failed: Only part of a ReadProcessMemory or WriteProcessMemory request was completed. (0x12B)
[0126/065831.086:ERROR:process_memory_win.cc(73)] ReadMemory at 0x25120d2c900 of 58 bytes failed: Only part of a ReadProcessMemory or WriteProcessMemory request was completed. (0x12B)
[0126/065831.086:ERROR:process_memory_win.cc(73)] ReadMemory at 0x25120d2c9a0 of 62 bytes failed: Only part of a ReadProcessMemory or WriteProcessMemory request was completed. (0x12B)
[0126/065831.086:ERROR:process_memory_win.cc(73)] ReadMemory at 0x25120d2c9f0 of 64 bytes failed: Only part of a ReadProcessMemory or WriteProcessMemory request was completed. (0x12B)
[0126/065831.086:ERROR:process_memory_win.cc(73)] ReadMemory at 0x25120d2ca40 of 62 bytes failed: Only part of a ReadProcessMemory or WriteProcessMemory request was completed. (0x12B)
[0126/065831.086:ERROR:process_memory_win.cc(73)] ReadMemory at 0x25120d2cbd0 of 66 bytes failed: Only part of a ReadProcessMemory or WriteProcessMemory request was completed. (0x12B)
[0126/065831.086:ERROR:process_memory_win.cc(73)] ReadMemory at 0x25120d2cc20 of 64 bytes failed: Only part of a ReadProcessMemory or WriteProcessMemory request was completed. (0x12B)
[0126/065831.086:ERROR:process_memory_win.cc(73)] ReadMemory at 0x25120d2cc70 of 60 bytes failed: Only part of a ReadProcessMemory or WriteProcessMemory request was completed. (0x12B)
[0126/065831.086:ERROR:process_memory_win.cc(73)] ReadMemory at 0x25120d2cd10 of 62 bytes failed: Only part of a ReadProcessMemory or WriteProcessMemory request was completed. (0x12B)
[0126/065831.086:ERROR:process_memory_win.cc(73)] ReadMemory at 0x25120d2cdb0 of 62 bytes failed: Only part of a ReadProcessMemory or WriteProcessMemory request was completed. (0x12B)
[0126/065831.086:ERROR:process_memory_win.cc(73)] ReadMemory at 0x25120d2d080 of 64 bytes failed: Only part of a ReadProcessMemory or WriteProcessMemory request was completed. (0x12B)
[0126/065831.086:ERROR:process_memory_win.cc(73)] ReadMemory at 0x25120d2d0d0 of 62 bytes failed: Only part of a ReadProcessMemory or WriteProcessMemory request was completed. (0x12B)
[0126/065831.087:ERROR:process_memory_win.cc(73)] ReadMemory at 0x25120d2d120 of 62 bytes failed: Only part of a ReadProcessMemory or WriteProcessMemory request was completed. (0x12B)
[0126/065831.087:ERROR:process_memory_win.cc(73)] ReadMemory at 0x25120d2d170 of 64 bytes failed: Only part of a ReadProcessMemory or WriteProcessMemory request was completed. (0x12B)
[0126/065831.087:ERROR:process_memory_win.cc(73)] ReadMemory at 0x25120d2d1c0 of 62 bytes failed: Only part of a ReadProcessMemory or WriteProcessMemory request was completed. (0x12B)
[0126/065831.087:ERROR:process_memory_win.cc(73)] ReadMemory at 0x25120d2d210 of 62 bytes failed: Only part of a ReadProcessMemory or WriteProcessMemory request was completed. (0x12B)
[0126/065831.087:ERROR:process_memory_win.cc(73)] ReadMemory at 0x25120d30590 of 132 bytes failed: Only part of a ReadProcessMemory or WriteProcessMemory request was completed. (0x12B)
[0126/065831.087:ERROR:process_memory_win.cc(73)] ReadMemory at 0x25120d307b0 of 132 bytes failed: Only part of a ReadProcessMemory or WriteProcessMemory request was completed. (0x12B)
[0126/065831.087:ERROR:process_memory_win.cc(73)] ReadMemory at 0x25120d30b00 of 132 bytes failed: Only part of a ReadProcessMemory or WriteProcessMemory request was completed. (0x12B)
[0126/065831.087:ERROR:process_memory_win.cc(73)] ReadMemory at 0x25120d30d60 of 132 bytes failed: Only part of a ReadProcessMemory or WriteProcessMemory request was completed. (0x12B)
[0126/065831.087:ERROR:process_memory_win.cc(73)] ReadMemory at 0x25120d30e90 of 132 bytes failed: Only part of a ReadProcessMemory or WriteProcessMemory request was completed. (0x12B)
[0126/065831.087:ERROR:process_memory_win.cc(73)] ReadMemory at 0x25120d30fc0 of 132 bytes failed: Only part of a ReadProcessMemory or WriteProcessMemory request was completed. (0x12B)
[0126/065831.087:ERROR:process_memory_win.cc(73)] ReadMemory at 0x25120d310f0 of 132 bytes failed: Only part of a ReadProcessMemory or WriteProcessMemory request was completed. (0x12B)
[0126/065831.087:ERROR:process_memory_win.cc(73)] ReadMemory at 0x25120d31220 of 132 bytes failed: Only part of a ReadProcessMemory or WriteProcessMemory request was completed. (0x12B)
[0126/065831.087:ERROR:process_memory_win.cc(73)] ReadMemory at 0x25120d31350 of 132 bytes failed: Only part of a ReadProcessMemory or WriteProcessMemory request was completed. (0x12B)
[0126/065831.087:ERROR:process_memory_win.cc(73)] ReadMemory at 0x25120d31480 of 132 bytes failed: Only part of a ReadProcessMemory or WriteProcessMemory request was completed. (0x12B)
[0126/065831.087:ERROR:process_memory_win.cc(73)] ReadMemory at 0x25120d315b0 of 132 bytes failed: Only part of a ReadProcessMemory or WriteProcessMemory request was completed. (0x12B)
[0126/065831.087:ERROR:process_memory_win.cc(73)] ReadMemory at 0x25120d316e0 of 132 bytes failed: Only part of a ReadProcessMemory or WriteProcessMemory request was completed. (0x12B)
[0126/065831.087:ERROR:process_memory_win.cc(73)] ReadMemory at 0x25120d31810 of 132 bytes failed: Only part of a ReadProcessMemory or WriteProcessMemory request was completed. (0x12B)
[0126/065831.087:ERROR:process_memory_win.cc(73)] ReadMemory at 0x25120d31940 of 132 bytes failed: Only part of a ReadProcessMemory or WriteProcessMemory request was completed. (0x12B)
[0126/065831.088:ERROR:process_memory_win.cc(73)] ReadMemory at 0x25120d31a70 of 132 bytes failed: Only part of a ReadProcessMemory or WriteProcessMemory request was completed. (0x12B)
[0126/065831.088:ERROR:process_memory_win.cc(73)] ReadMemory at 0x25120d31ba0 of 132 bytes failed: Only part of a ReadProcessMemory or WriteProcessMemory request was completed. (0x12B)
[0126/065831.088:ERROR:process_memory_win.cc(73)] ReadMemory at 0x25120d32810 of 132 bytes failed: Only part of a ReadProcessMemory or WriteProcessMemory request was completed. (0x12B)
[0126/065831.088:ERROR:process_memory_win.cc(73)] ReadMemory at 0x25120d32cd0 of 132 bytes failed: Only part of a ReadProcessMemory or WriteProcessMemory request was completed. (0x12B)
[0126/065831.088:ERROR:process_memory_win.cc(73)] ReadMemory at 0x25120d32e00 of 132 bytes failed: Only part of a ReadProcessMemory or WriteProcessMemory request was completed. (0x12B)
[0126/065831.088:ERROR:process_memory_win.cc(73)] ReadMemory at 0x25120d32f30 of 132 bytes failed: Only part of a ReadProcessMemory or WriteProcessMemory request was completed. (0x12B)
[0126/065831.088:ERROR:process_memory_win.cc(73)] ReadMemory at 0x25120d33060 of 132 bytes failed: Only part of a ReadProcessMemory or WriteProcessMemory request was completed. (0x12B)
[0126/065831.088:ERROR:process_memory_win.cc(73)] ReadMemory at 0x25120d332c0 of 132 bytes failed: Only part of a ReadProcessMemory or WriteProcessMemory request was completed. (0x12B)
[0126/065831.088:ERROR:process_memory_win.cc(73)] ReadMemory at 0x25120d333f0 of 132 bytes failed: Only part of a ReadProcessMemory or WriteProcessMemory request was completed. (0x12B)
[0126/065831.088:ERROR:process_memory_win.cc(73)] ReadMemory at 0x25120d33520 of 132 bytes failed: Only part of a ReadProcessMemory or WriteProcessMemory request was completed. (0x12B)
[0126/065831.088:ERROR:process_memory_win.cc(73)] ReadMemory at 0x25120d33c40 of 132 bytes failed: Only part of a ReadProcessMemory or WriteProcessMemory request was completed. (0x12B)
[0126/065831.088:ERROR:process_memory_win.cc(73)] ReadMemory at 0x25120d33ea0 of 132 bytes failed: Only part of a ReadProcessMemory or WriteProcessMemory request was completed. (0x12B)
[0126/065831.088:ERROR:process_memory_win.cc(73)] ReadMemory at 0x25120d33fd0 of 132 bytes failed: Only part of a ReadProcessMemory or WriteProcessMemory request was completed. (0x12B)
[0126/065831.088:ERROR:process_memory_win.cc(73)] ReadMemory at 0x25120d34100 of 132 bytes failed: Only part of a ReadProcessMemory or WriteProcessMemory request was completed. (0x12B)
[0126/065831.088:ERROR:process_memory_win.cc(73)] ReadMemory at 0x25120d34230 of 132 bytes failed: Only part of a ReadProcessMemory or WriteProcessMemory request was completed. (0x12B)
[0126/065831.088:ERROR:process_memory_win.cc(73)] ReadMemory at 0x25120d345c0 of 132 bytes failed: Only part of a ReadProcessMemory or WriteProcessMemory request was completed. (0x12B)
[0126/065831.088:ERROR:process_memory_win.cc(73)] ReadMemory at 0x25120d44590 of 78 bytes failed: Only part of a ReadProcessMemory or WriteProcessMemory request was completed. (0x12B)
[0126/065831.088:ERROR:process_memory_win.cc(73)] ReadMemory at 0x25120d44890 of 80 bytes failed: Only part of a ReadProcessMemory or WriteProcessMemory request was completed. (0x12B)
[0126/065831.088:ERROR:process_memory_win.cc(73)] ReadMemory at 0x25120d55570 of 62 bytes failed: Only part of a ReadProcessMemory or WriteProcessMemory request was completed. (0x12B)
[0126/065831.089:ERROR:process_memory_win.cc(73)] ReadMemory at 0x25120d55750 of 58 bytes failed: Only part of a ReadProcessMemory or WriteProcessMemory request was completed. (0x12B)
[0126/065831.089:ERROR:process_memory_win.cc(73)] ReadMemory at 0x25120d55980 of 62 bytes failed: Only part of a ReadProcessMemory or WriteProcessMemory request was completed. (0x12B)
[0126/065831.089:ERROR:process_memory_win.cc(73)] ReadMemory at 0x25120d55c50 of 58 bytes failed: Only part of a ReadProcessMemory or WriteProcessMemory request was completed. (0x12B)
[0126/065831.089:ERROR:process_memory_win.cc(73)] ReadMemory at 0x25120d55d90 of 60 bytes failed: Only part of a ReadProcessMemory or WriteProcessMemory request was completed. (0x12B)
[0126/065831.089:ERROR:process_memory_win.cc(73)] ReadMemory at 0x25120d56010 of 60 bytes failed: Only part of a ReadProcessMemory or WriteProcessMemory request was completed. (0x12B)
[0126/065831.089:ERROR:process_memory_win.cc(73)] ReadMemory at 0x25120d560b0 of 60 bytes failed: Only part of a ReadProcessMemory or WriteProcessMemory request was completed. (0x12B)
[0126/065831.089:ERROR:process_memory_win.cc(73)] ReadMemory at 0x25120d561a0 of 66 bytes failed: Only part of a ReadProcessMemory or WriteProcessMemory request was completed. (0x12B)
[0126/065831.089:ERROR:process_memory_win.cc(73)] ReadMemory at 0x25120d56240 of 56 bytes failed: Only part of a ReadProcessMemory or WriteProcessMemory request was completed. (0x12B)
[0126/065831.089:ERROR:process_memory_win.cc(73)] ReadMemory at 0x25120d563d0 of 62 bytes failed: Only part of a ReadProcessMemory or WriteProcessMemory request was completed. (0x12B)
[0126/065831.089:ERROR:process_memory_win.cc(73)] ReadMemory at 0x25120d61700 of 512 bytes failed: Only part of a ReadProcessMemory or WriteProcessMemory request was completed. (0x12B)
[0126/065831.089:ERROR:process_memory_win.cc(73)] ReadMemory at 0x25120d754e0 of 512 bytes failed: Only part of a ReadProcessMemory or WriteProcessMemory request was completed. (0x12B)
[0126/065831.090:ERROR:process_memory_win.cc(73)] ReadMemory at 0x25120d85aa0 of 512 bytes failed: Only part of a ReadProcessMemory or WriteProcessMemory request was completed. (0x12B)
[0126/065831.090:ERROR:process_memory_win.cc(73)] ReadMemory at 0x25120d8cb30 of 512 bytes failed: Only part of a ReadProcessMemory or WriteProcessMemory request was completed. (0x12B)
[0126/065831.090:ERROR:process_memory_win.cc(73)] ReadMemory at 0x25120d8ce30 of 512 bytes failed: Only part of a ReadProcessMemory or WriteProcessMemory request was completed. (0x12B)
[0126/065831.090:ERROR:process_memory_win.cc(73)] ReadMemory at 0x25120d8d9b0 of 512 bytes failed: Only part of a ReadProcessMemory or WriteProcessMemory request was completed. (0x12B)
[0126/065831.090:ERROR:process_memory_win.cc(73)] ReadMemory at 0x25120d9f800 of 712 bytes failed: Only part of a ReadProcessMemory or WriteProcessMemory request was completed. (0x12B)
[0126/065831.090:ERROR:process_memory_win.cc(73)] ReadMemory at 0x25120da7790 of 512 bytes failed: Only part of a ReadProcessMemory or WriteProcessMemory request was completed. (0x12B)
[0126/065831.090:ERROR:process_memory_win.cc(73)] ReadMemory at 0x25120da9110 of 512 bytes failed: Only part of a ReadProcessMemory or WriteProcessMemory request was completed. (0x12B)
[0126/065831.090:ERROR:process_memory_win.cc(73)] ReadMemory at 0x25120dd6310 of 512 bytes failed: Only part of a ReadProcessMemory or WriteProcessMemory request was completed. (0x12B)
[0126/065831.090:ERROR:process_memory_win.cc(73)] ReadMemory at 0x25120dd6c10 of 512 bytes failed: Only part of a ReadProcessMemory or WriteProcessMemory request was completed. (0x12B)
[0126/065831.090:ERROR:process_memory_win.cc(73)] ReadMemory at 0x25120f20f40 of 512 bytes failed: Only part of a ReadProcessMemory or WriteProcessMemory request was completed. (0x12B)
[0126/065831.090:ERROR:process_memory_win.cc(73)] ReadMemory at 0x25122c0ff80 of 512 bytes failed: Only part of a ReadProcessMemory or WriteProcessMemory request was completed. (0x12B)
[0126/065831.090:ERROR:process_memory_win.cc(73)] ReadMemory at 0x25122c17c20 of 512 bytes failed: Only part of a ReadProcessMemory or WriteProcessMemory request was completed. (0x12B)
[0126/065831.090:ERROR:process_memory_win.cc(73)] ReadMemory at 0x25122c40403 of 512 bytes failed: Only part of a ReadProcessMemory or WriteProcessMemory request was completed. (0x12B)
[0126/065831.090:ERROR:process_memory_win.cc(73)] ReadMemory at 0x25122c686a0 of 512 bytes failed: Only part of a ReadProcessMemory or WriteProcessMemory request was completed. (0x12B)
[0126/065831.090:ERROR:process_memory_win.cc(73)] ReadMemory at 0x25122f716e0 of 512 bytes failed: Only part of a ReadProcessMemory or WriteProcessMemory request was completed. (0x12B)
[0126/065831.090:ERROR:process_memory_win.cc(73)] ReadMemory at 0x25122f82aa0 of 512 bytes failed: Only part of a ReadProcessMemory or WriteProcessMemory request was completed. (0x12B)
[0126/065831.090:ERROR:process_memory_win.cc(73)] ReadMemory at 0x25122fb7950 of 512 bytes failed: Only part of a ReadProcessMemory or WriteProcessMemory request was completed. (0x12B)
[0126/065831.091:ERROR:process_memory_win.cc(73)] ReadMemory at 0x25122ff72c0 of 512 bytes failed: Only part of a ReadProcessMemory or WriteProcessMemory request was completed. (0x12B)
[0126/065831.091:ERROR:process_memory_win.cc(73)] ReadMemory at 0x251230dede0 of 640 bytes failed: Only part of a ReadProcessMemory or WriteProcessMemory request was completed. (0x12B)
[0126/065831.091:ERROR:process_memory_win.cc(73)] ReadMemory at 0x25123359ea8 of 512 bytes failed: Only part of a ReadProcessMemory or WriteProcessMemory request was completed. (0x12B)
[0126/065831.091:ERROR:process_memory_win.cc(73)] ReadMemory at 0x25123501698 of 512 bytes failed: Only part of a ReadProcessMemory or WriteProcessMemory request was completed. (0x12B)
[0126/065831.091:ERROR:process_memory_win.cc(73)] ReadMemory at 0x25123524b30 of 512 bytes failed: Only part of a ReadProcessMemory or WriteProcessMemory request was completed. (0x12B)
[0126/065831.091:ERROR:process_memory_win.cc(73)] ReadMemory at 0x25123535b98 of 512 bytes failed: Only part of a ReadProcessMemory or WriteProcessMemory request was completed. (0x12B)
[0126/065831.091:ERROR:process_memory_win.cc(73)] ReadMemory at 0x25123663dc8 of 512 bytes failed: Only part of a ReadProcessMemory or WriteProcessMemory request was completed. (0x12B)
[0126/065831.091:ERROR:process_memory_win.cc(73)] ReadMemory at 0x2512366d820 of 512 bytes failed: Only part of a ReadProcessMemory or WriteProcessMemory request was completed. (0x12B)
[0126/065831.091:ERROR:process_memory_win.cc(73)] ReadMemory at 0x2512366e4a0 of 512 bytes failed: Only part of a ReadProcessMemory or WriteProcessMemory request was completed. (0x12B)
[0126/065831.091:ERROR:process_memory_win.cc(73)] ReadMemory at 0x2512366eb30 of 512 bytes failed: Only part of a ReadProcessMemory or WriteProcessMemory request was completed. (0x12B)
[0126/065831.091:ERROR:process_memory_win.cc(73)] ReadMemory at 0x25123a80000 of 384 bytes failed: Only part of a ReadProcessMemory or WriteProcessMemory request was completed. (0x12B)
[0126/065831.091:ERROR:process_memory_win.cc(73)] ReadMemory at 0x25123bfdea8 of 512 bytes failed: Only part of a ReadProcessMemory or WriteProcessMemory request was completed. (0x12B)
[0126/065831.091:ERROR:process_memory_win.cc(73)] ReadMemory at 0x33a708583af4 of 512 bytes failed: Only part of a ReadProcessMemory or WriteProcessMemory request was completed. (0x12B)
[0126/065831.091:ERROR:process_memory_win.cc(73)] ReadMemory at 0x33a7085cf560 of 512 bytes failed: Only part of a ReadProcessMemory or WriteProcessMemory request was completed. (0x12B)
[0126/065831.091:ERROR:process_memory_win.cc(73)] ReadMemory at 0x33a7085deb54 of 512 bytes failed: Only part of a ReadProcessMemory or WriteProcessMemory request was completed. (0x12B)
[0126/065831.091:ERROR:process_memory_win.cc(73)] ReadMemory at 0x33a70881400c of 512 bytes failed: Only part of a ReadProcessMemory or WriteProcessMemory request was completed. (0x12B)
[0126/065831.091:ERROR:process_memory_win.cc(73)] ReadMemory at 0x33a70893c55d of 512 bytes failed: Only part of a ReadProcessMemory or WriteProcessMemory request was completed. (0x12B)
[0126/065831.091:ERROR:process_memory_win.cc(73)] ReadMemory at 0x33a7096f1b44 of 512 bytes failed: Only part of a ReadProcessMemory or WriteProcessMemory request was completed. (0x12B)
[0126/065831.092:ERROR:process_memory_win.cc(73)] ReadMemory at 0x33a709ce5f70 of 512 bytes failed: Only part of a ReadProcessMemory or WriteProcessMemory request was completed. (0x12B)
[0126/065831.092:ERROR:process_memory_win.cc(73)] ReadMemory at 0x33a709ed8f70 of 512 bytes failed: Only part of a ReadProcessMemory or WriteProcessMemory request was completed. (0x12B)
[0126/065831.092:ERROR:process_memory_win.cc(73)] ReadMemory at 0x33a709fdd024 of 512 bytes failed: Only part of a ReadProcessMemory or WriteProcessMemory request was completed. (0x12B)
[0126/065831.092:ERROR:process_memory_win.cc(73)] ReadMemory at 0x7fff355b0000 of 384 bytes failed: Only part of a ReadProcessMemory or WriteProcessMemory request was completed. (0x12B)
[0126/065831.092:ERROR:process_memory_win.cc(73)] ReadMemory at 0x7fff35eed6d9 of 512 bytes failed: Only part of a ReadProcessMemory or WriteProcessMemory request was completed. (0x12B)
[0126/065831.092:ERROR:process_memory_win.cc(73)] ReadMemory at 0x7fff3614e748 of 512 bytes failed: Only part of a ReadProcessMemory or WriteProcessMemory request was completed. (0x12B)
[0126/065831.092:ERROR:process_memory_win.cc(73)] ReadMemory at 0x7fff37dd4a50 of 512 bytes failed: Only part of a ReadProcessMemory or WriteProcessMemory request was completed. (0x12B)
[0126/065831.092:ERROR:process_memory_win.cc(73)] ReadMemory at 0x7fff384c5ca1 of 512 bytes failed: Only part of a ReadProcessMemory or WriteProcessMemory request was completed. (0x12B)
[0126/065831.092:ERROR:process_memory_win.cc(73)] ReadMemory at 0x7fff3854bfb4 of 672 bytes failed: Only part of a ReadProcessMemory or WriteProcessMemory request was completed. (0x12B)
[0126/065831.092:ERROR:process_memory_win.cc(73)] ReadMemory at 0x7fff3854c5b4 of 512 bytes failed: Only part of a ReadProcessMemory or WriteProcessMemory request was completed. (0x12B)
[0126/065831.092:ERROR:process_memory_win.cc(73)] ReadMemory at 0x7fff3854f924 of 608 bytes failed: Only part of a ReadProcessMemory or WriteProcessMemory request was completed. (0x12B)
[0126/065831.092:ERROR:process_memory_win.cc(73)] ReadMemory at 0x7fff385e0a00 of 18 bytes failed: Only part of a ReadProcessMemory or WriteProcessMemory request was completed. (0x12B)
[0126/065831.092:ERROR:process_memory_win.cc(73)] ReadMemory at 0x7fff386154f8 of 40 bytes failed: Only part of a ReadProcessMemory or WriteProcessMemory request was completed. (0x12B)
[0126/065831.092:ERROR:process_memory_win.cc(73)] ReadMemory at 0x7fff38615978 of 48 bytes failed: Only part of a ReadProcessMemory or WriteProcessMemory request was completed. (0x12B)
[0126/065831.093:ERROR:process_memory_win.cc(73)] ReadMemory at 0x7fff3861b4c0 of 64 bytes failed: Only part of a ReadProcessMemory or WriteProcessMemory request was completed. (0x12B)
[0126/065831.094:ERROR:scoped_process_suspend.cc(40)] NtResumeProcess: An attempt was made to access an exiting process. (0xc000010a)
[0126/071522.183:ERROR:directory_reader_win.cc(43)] FindFirstFile: The system cannot find the path specified. (0x3)
[0126/072340.405:ERROR:directory_reader_win.cc(43)] FindFirstFile: The system cannot find the path specified. (0x3)
[0126/074851.667:ERROR:directory_reader_win.cc(43)] FindFirstFile: The system cannot find the path specified. (0x3)
